Using pre-set license
Built from '2022.3/staging' branch; Version is '2022.3.8f1 (b5eafc012955) revision 11922172'; Using compiler version '192829333'; Build Type 'Release'
OS: 'Windows 10  (10.0.17763) 64bit EnterpriseS' Language: 'uk' Physical Memory: 16267 MB
BatchMode: 1, IsHumanControllingUs: 0, StartBugReporterOnCrash: 0, Is64bit: 1, IsPro: 1

COMMAND LINE ARGUMENTS:
D:\Unity 2022.3.8f1\Editor\Unity.exe
-adb2
-batchMode
-noUpm
-name
AssetImportWorker0
-projectPath
C:/Users/user/Desktop/Asteroids/Asteroids
-logFile
Logs/AssetImportWorker0.log
-srvPort
53614
Successfully changed project path to: C:/Users/user/Desktop/Asteroids/Asteroids
C:/Users/user/Desktop/Asteroids/Asteroids
[UnityMemory] Configuration Parameters - Can be set up in boot.config
    "memorysetup-bucket-allocator-granularity=16"
    "memorysetup-bucket-allocator-bucket-count=8"
    "memorysetup-bucket-allocator-block-size=33554432"
    "memorysetup-bucket-allocator-block-count=8"
    "memorysetup-main-allocator-block-size=16777216"
    "memorysetup-thread-allocator-block-size=16777216"
    "memorysetup-gfx-main-allocator-block-size=16777216"
    "memorysetup-gfx-thread-allocator-block-size=16777216"
    "memorysetup-cache-allocator-block-size=4194304"
    "memorysetup-typetree-allocator-block-size=2097152"
    "memorysetup-profiler-bucket-allocator-granularity=16"
    "memorysetup-profiler-bucket-allocator-bucket-count=8"
    "memorysetup-profiler-bucket-allocator-block-size=33554432"
    "memorysetup-profiler-bucket-allocator-block-count=8"
    "memorysetup-profiler-allocator-block-size=16777216"
    "memorysetup-profiler-editor-allocator-block-size=1048576"
    "memorysetup-temp-allocator-size-main=16777216"
    "memorysetup-job-temp-allocator-block-size=2097152"
    "memorysetup-job-temp-allocator-block-size-background=1048576"
    "memorysetup-job-temp-allocator-reduction-small-platforms=262144"
    "memorysetup-allocator-temp-initial-block-size-main=262144"
    "memorysetup-allocator-temp-initial-block-size-worker=262144"
    "memorysetup-temp-allocator-size-background-worker=32768"
    "memorysetup-temp-allocator-size-job-worker=262144"
    "memorysetup-temp-allocator-size-preload-manager=33554432"
    "memorysetup-temp-allocator-size-nav-mesh-worker=65536"
    "memorysetup-temp-allocator-size-audio-worker=65536"
    "memorysetup-temp-allocator-size-cloud-worker=32768"
    "memorysetup-temp-allocator-size-gi-baking-worker=262144"
    "memorysetup-temp-allocator-size-gfx=262144"
Player connection [3044] Host "[IP] 192.168.0.115 [Port] 0 [Flags] 2 [Guid] 197242201 [EditorId] 197242201 [Version] 1048832 [Id] WindowsEditor(7,Vova) [Debug] 1 [PackageName] WindowsEditor [ProjectName] Editor" joined multi-casting on [225.0.0.222:54997]...

Player connection [3044] Host "[IP] 192.168.0.115 [Port] 0 [Flags] 2 [Guid] 197242201 [EditorId] 197242201 [Version] 1048832 [Id] WindowsEditor(7,Vova) [Debug] 1 [PackageName] WindowsEditor [ProjectName] Editor" joined alternative multi-casting on [225.0.0.222:34997]...

[Physics::Module] Initialized MultithreadedJobDispatcher with 3 workers.
Refreshing native plugins compatible for Editor in 57.98 ms, found 3 plugins.
Preloading 0 native plugins for Editor in 0.00 ms.
Initialize engine version: 2022.3.8f1 (b5eafc012955)
[Subsystems] Discovering subsystems at path D:/Unity 2022.3.8f1/Editor/Data/Resources/UnitySubsystems
[Subsystems] Discovering subsystems at path C:/Users/user/Desktop/Asteroids/Asteroids/Assets
GfxDevice: creating device client; threaded=0; jobified=0
Direct3D:
    Version:  Direct3D 11.0 [level 11.0]
    Renderer: NVIDIA GeForce GTX 660 (ID=0x11c0)
    Vendor:   NVIDIA
    VRAM:     1998 MB
    Driver:   27.21.14.6089
Initialize mono
Mono path[0] = 'D:/Unity 2022.3.8f1/Editor/Data/Managed'
Mono path[1] = 'D:/Unity 2022.3.8f1/Editor/Data/MonoBleedingEdge/lib/mono/unityjit-win32'
Mono config path = 'D:/Unity 2022.3.8f1/Editor/Data/MonoBleedingEdge/etc'
Using monoOptions --debugger-agent=transport=dt_socket,embedding=1,server=y,suspend=n,address=127.0.0.1:56532
Begin MonoManager ReloadAssembly
Registering precompiled unity dll's ...
Register platform support module: D:/Unity 2022.3.8f1/Editor/Data/PlaybackEngines/WindowsStandaloneSupport/UnityEditor.WindowsStandalone.Extensions.dll
Registered in 0.003710 seconds.
- Loaded All Assemblies, in  0.781 seconds
Native extension for WindowsStandalone target not found
Mono: successfully reloaded assembly
- Finished resetting the current domain, in  0.462 seconds
Domain Reload Profiling: 1243ms
	BeginReloadAssembly (414ms)
		ExecutionOrderSort (0ms)
		DisableScriptedObjects (0ms)
		BackupInstance (0ms)
		ReleaseScriptingObjects (0ms)
		CreateAndSetChildDomain (2ms)
	RebuildCommonClasses (101ms)
	RebuildNativeTypeToScriptingClass (17ms)
	initialDomainReloadingComplete (65ms)
	LoadAllAssembliesAndSetupDomain (184ms)
		LoadAssemblies (408ms)
		RebuildTransferFunctionScriptingTraits (0ms)
		AnalyzeDomain (182ms)
			TypeCache.Refresh (180ms)
				TypeCache.ScanAssembly (163ms)
			ScanForSourceGeneratedMonoScriptInfo (0ms)
			ResolveRequiredComponents (1ms)
	FinalizeReload (462ms)
		ReleaseScriptCaches (0ms)
		RebuildScriptCaches (0ms)
		SetupLoadedEditorAssemblies (334ms)
			LogAssemblyErrors (0ms)
			InitializePlatformSupportModulesInManaged (30ms)
			SetLoadedEditorAssemblies (25ms)
			RefreshPlugins (0ms)
			BeforeProcessingInitializeOnLoad (7ms)
			ProcessInitializeOnLoadAttributes (204ms)
			ProcessInitializeOnLoadMethodAttributes (69ms)
			AfterProcessingInitializeOnLoad (0ms)
			EditorAssembliesLoaded (0ms)
		ExecutionOrderSort2 (0ms)
		AwakeInstancesAfterBackupRestoration (0ms)
========================================================================
Worker process is ready to serve import requests
Begin MonoManager ReloadAssembly
- Loaded All Assemblies, in  1.067 seconds
Refreshing native plugins compatible for Editor in 11.04 ms, found 3 plugins.
Native extension for WindowsStandalone target not found
Package Manager log level set to [2]
[Package Manager] Server::EnsureServerProcessIsRunning -- launch failed, reason: Unity was launched with the -noUpm command-line argument
[Package Manager] UpmClient::Send -- Unable to send message (not connected to UPM process).
[Package Manager] Cannot connect to Unity Package Manager local server
Mono: successfully reloaded assembly
- Finished resetting the current domain, in  1.345 seconds
Domain Reload Profiling: 2412ms
	BeginReloadAssembly (188ms)
		ExecutionOrderSort (0ms)
		DisableScriptedObjects (8ms)
		BackupInstance (0ms)
		ReleaseScriptingObjects (0ms)
		CreateAndSetChildDomain (28ms)
	RebuildCommonClasses (45ms)
	RebuildNativeTypeToScriptingClass (16ms)
	initialDomainReloadingComplete (72ms)
	LoadAllAssembliesAndSetupDomain (744ms)
		LoadAssemblies (564ms)
		RebuildTransferFunctionScriptingTraits (0ms)
		AnalyzeDomain (284ms)
			TypeCache.Refresh (250ms)
				TypeCache.ScanAssembly (223ms)
			ScanForSourceGeneratedMonoScriptInfo (24ms)
			ResolveRequiredComponents (9ms)
	FinalizeReload (1347ms)
		ReleaseScriptCaches (0ms)
		RebuildScriptCaches (0ms)
		SetupLoadedEditorAssemblies (1081ms)
			LogAssemblyErrors (0ms)
			InitializePlatformSupportModulesInManaged (7ms)
			SetLoadedEditorAssemblies (5ms)
			RefreshPlugins (0ms)
			BeforeProcessingInitializeOnLoad (69ms)
			ProcessInitializeOnLoadAttributes (864ms)
			ProcessInitializeOnLoadMethodAttributes (130ms)
			AfterProcessingInitializeOnLoad (5ms)
			EditorAssembliesLoaded (0ms)
		ExecutionOrderSort2 (0ms)
		AwakeInstancesAfterBackupRestoration (21ms)
Launched and connected shader compiler UnityShaderCompiler.exe after 0.63 seconds
Refreshing native plugins compatible for Editor in 14.80 ms, found 3 plugins.
Preloading 0 native plugins for Editor in 0.00 ms.
Unloading 2436 Unused Serialized files (Serialized files now loaded: 0)
Unloading 62 unused Assets / (101.6 KB). Loaded Objects now: 2893.
Memory consumption went from 105.0 MB to 104.9 MB.
Total: 9.872200 ms (FindLiveObjects: 1.108200 ms CreateObjectMapping: 0.684500 ms MarkObjects: 7.908600 ms  DeleteObjects: 0.169700 ms)

AssetImportParameters requested are different than current active one (requested -> active):
  custom:video-decoder-webm-vp8: 9c59270c3fd7afecdb556c50c9e8de78 -> 
  custom:scripting/monoscript/fileName/Fusion.Unity.Editor.cs: ca18b06740607e46188de05c14ba653a -> 03567c4b15c45945dc15ab58a0be30e9
  custom:SearchIndexIgnoredProperties: e643bd26f0fe6173181afceb89e7c659 -> 
  custom:container-demuxer-ogg: 62fdf1f143b41e24485cea50d1cbac27 -> 
  custom:AudioImporter_EditorPlatform: d09bf68614088b80899f8185d706f6e7 -> 
  custom:video-decoder-ogg-theora: a1e56fd34408186e4bbccfd4996cb3dc -> 
  custom:framework-win-MediaFoundation: 216162199b28c13a410421893ffa2e32 -> 
  custom:video-encoder-webm-vp8: eb34c28f22e8b96e1ab97ce403110664 -> 
  custom:audio-decoder-ogg-vorbis: bf7c407c2cedff20999df2af8eb42d56 -> 
  custom:CustomObjectIndexerAttribute: 756ad292c208cfabdd7b50bc23989ffe -> 
  custom:container-demuxer-webm: 4f35f7cbe854078d1ac9338744f61a02 -> 
  custom:audio-encoder-webm-vorbis: bf7c407c2cedff20999df2af8eb42d56 -> 
  custom:container-muxer-webm: aa71ff27fc2769a1b78a27578f13a17b -> 
========================================================================
Received Import Request.
  Time since last request: 11743.423154 seconds.
  path: Assets/Scenes/SampleScene.unity
  artifactKey: Guid(2cda990e2423bbf4892e6590ba056729) Importer(815301076,1909f56bfc062723c751e8b465ee728b)
Start importing Assets/Scenes/SampleScene.unity using Guid(2cda990e2423bbf4892e6590ba056729) Importer(815301076,1909f56bfc062723c751e8b465ee728b)  -> (artifact id: 'db53f7994a0faadde0c0b1943be9a624') in 0.015548 seconds
Number of updated asset objects reloaded before import = 0
Number of asset objects unloaded after import = 0
========================================================================
Received Import Request.
  Time since last request: 13.915414 seconds.
  path: Assets/Scenes
  artifactKey: Guid(cd8905fb62da8fc4292a6c0993c1a552) Importer(815301076,1909f56bfc062723c751e8b465ee728b)
Start importing Assets/Scenes using Guid(cd8905fb62da8fc4292a6c0993c1a552) Importer(815301076,1909f56bfc062723c751e8b465ee728b)  -> (artifact id: '3901e6c12ec67b9249d612c1ea513099') in 0.000731 seconds
Number of updated asset objects reloaded before import = 0
Number of asset objects unloaded after import = 0
========================================================================
Received Import Request.
  Time since last request: 6.506537 seconds.
  path: Assets/Scenes/Game.unity
  artifactKey: Guid(6d756aa781e76f44e9d0da14069f9490) Importer(815301076,1909f56bfc062723c751e8b465ee728b)
Start importing Assets/Scenes/Game.unity using Guid(6d756aa781e76f44e9d0da14069f9490) Importer(815301076,1909f56bfc062723c751e8b465ee728b)  -> (artifact id: '0f8cd9729d1220b4e7475bfe5f4bb672') in 0.002214 seconds
Number of updated asset objects reloaded before import = 0
Number of asset objects unloaded after import = 0
========================================================================
Received Import Request.
  Time since last request: 162.141566 seconds.
  path: Assets/Scenes/Game.unity
  artifactKey: Guid(6d756aa781e76f44e9d0da14069f9490) Importer(815301076,1909f56bfc062723c751e8b465ee728b)
Start importing Assets/Scenes/Game.unity using Guid(6d756aa781e76f44e9d0da14069f9490) Importer(815301076,1909f56bfc062723c751e8b465ee728b)  -> (artifact id: '686e7ce8b0af88ef566dccd21581dd29') in 0.000708 seconds
Number of updated asset objects reloaded before import = 0
Number of asset objects unloaded after import = 0
========================================================================
Received Prepare
Begin MonoManager ReloadAssembly
- Loaded All Assemblies, in  0.740 seconds
Refreshing native plugins compatible for Editor in 19.03 ms, found 3 plugins.
Native extension for WindowsStandalone target not found
[Package Manager] Server::EnsureServerProcessIsRunning -- launch failed, reason: Unity was launched with the -noUpm command-line argument
[Package Manager] UpmClient::Send -- Unable to send message (not connected to UPM process).
[Package Manager] Cannot connect to Unity Package Manager local server
Mono: successfully reloaded assembly
- Finished resetting the current domain, in  1.305 seconds
Domain Reload Profiling: 2041ms
	BeginReloadAssembly (238ms)
		ExecutionOrderSort (0ms)
		DisableScriptedObjects (7ms)
		BackupInstance (0ms)
		ReleaseScriptingObjects (0ms)
		CreateAndSetChildDomain (44ms)
	RebuildCommonClasses (51ms)
	RebuildNativeTypeToScriptingClass (15ms)
	initialDomainReloadingComplete (100ms)
	LoadAllAssembliesAndSetupDomain (331ms)
		LoadAssemblies (456ms)
		RebuildTransferFunctionScriptingTraits (0ms)
		AnalyzeDomain (28ms)
			TypeCache.Refresh (10ms)
				TypeCache.ScanAssembly (0ms)
			ScanForSourceGeneratedMonoScriptInfo (0ms)
			ResolveRequiredComponents (17ms)
	FinalizeReload (1306ms)
		ReleaseScriptCaches (0ms)
		RebuildScriptCaches (0ms)
		SetupLoadedEditorAssemblies (880ms)
			LogAssemblyErrors (0ms)
			InitializePlatformSupportModulesInManaged (6ms)
			SetLoadedEditorAssemblies (4ms)
			RefreshPlugins (0ms)
			BeforeProcessingInitializeOnLoad (64ms)
			ProcessInitializeOnLoadAttributes (760ms)
			ProcessInitializeOnLoadMethodAttributes (42ms)
			AfterProcessingInitializeOnLoad (4ms)
			EditorAssembliesLoaded (0ms)
		ExecutionOrderSort2 (0ms)
		AwakeInstancesAfterBackupRestoration (11ms)
Refreshing native plugins compatible for Editor in 10.42 ms, found 3 plugins.
Preloading 0 native plugins for Editor in 0.00 ms.
Unloading 2428 Unused Serialized files (Serialized files now loaded: 0)
Unloading 48 unused Assets / (73.6 KB). Loaded Objects now: 2896.
Memory consumption went from 103.0 MB to 102.9 MB.
Total: 4.113900 ms (FindLiveObjects: 0.292500 ms CreateObjectMapping: 0.191500 ms MarkObjects: 3.503400 ms  DeleteObjects: 0.125500 ms)

Prepare: number of updated asset objects reloaded= 0
AssetImportParameters requested are different than current active one (requested -> active):
  custom:video-decoder-webm-vp8: 9c59270c3fd7afecdb556c50c9e8de78 -> 
  custom:scripting/monoscript/fileName/Fusion.Unity.Editor.cs: ca18b06740607e46188de05c14ba653a -> 03567c4b15c45945dc15ab58a0be30e9
  custom:SearchIndexIgnoredProperties: e643bd26f0fe6173181afceb89e7c659 -> 
  custom:container-demuxer-ogg: 62fdf1f143b41e24485cea50d1cbac27 -> 
  custom:AudioImporter_EditorPlatform: d09bf68614088b80899f8185d706f6e7 -> 
  custom:video-decoder-ogg-theora: a1e56fd34408186e4bbccfd4996cb3dc -> 
  custom:framework-win-MediaFoundation: 216162199b28c13a410421893ffa2e32 -> 
  custom:video-encoder-webm-vp8: eb34c28f22e8b96e1ab97ce403110664 -> 
  custom:audio-decoder-ogg-vorbis: bf7c407c2cedff20999df2af8eb42d56 -> 
  custom:CustomObjectIndexerAttribute: 756ad292c208cfabdd7b50bc23989ffe -> 
  custom:container-demuxer-webm: 4f35f7cbe854078d1ac9338744f61a02 -> 
  custom:audio-encoder-webm-vorbis: bf7c407c2cedff20999df2af8eb42d56 -> 
  custom:container-muxer-webm: aa71ff27fc2769a1b78a27578f13a17b -> 
========================================================================
Received Prepare
Begin MonoManager ReloadAssembly
- Loaded All Assemblies, in  0.827 seconds
Refreshing native plugins compatible for Editor in 8.45 ms, found 3 plugins.
Native extension for WindowsStandalone target not found
[Package Manager] Server::EnsureServerProcessIsRunning -- launch failed, reason: Unity was launched with the -noUpm command-line argument
[Package Manager] UpmClient::Send -- Unable to send message (not connected to UPM process).
[Package Manager] Cannot connect to Unity Package Manager local server
Mono: successfully reloaded assembly
- Finished resetting the current domain, in  2.028 seconds
Domain Reload Profiling: 2852ms
	BeginReloadAssembly (226ms)
		ExecutionOrderSort (0ms)
		DisableScriptedObjects (7ms)
		BackupInstance (0ms)
		ReleaseScriptingObjects (0ms)
		CreateAndSetChildDomain (49ms)
	RebuildCommonClasses (52ms)
	RebuildNativeTypeToScriptingClass (23ms)
	initialDomainReloadingComplete (116ms)
	LoadAllAssembliesAndSetupDomain (407ms)
		LoadAssemblies (428ms)
		RebuildTransferFunctionScriptingTraits (0ms)
		AnalyzeDomain (107ms)
			TypeCache.Refresh (85ms)
				TypeCache.ScanAssembly (74ms)
			ScanForSourceGeneratedMonoScriptInfo (12ms)
			ResolveRequiredComponents (9ms)
	FinalizeReload (2028ms)
		ReleaseScriptCaches (0ms)
		RebuildScriptCaches (0ms)
		SetupLoadedEditorAssemblies (792ms)
			LogAssemblyErrors (0ms)
			InitializePlatformSupportModulesInManaged (6ms)
			SetLoadedEditorAssemblies (4ms)
			RefreshPlugins (0ms)
			BeforeProcessingInitializeOnLoad (80ms)
			ProcessInitializeOnLoadAttributes (620ms)
			ProcessInitializeOnLoadMethodAttributes (78ms)
			AfterProcessingInitializeOnLoad (3ms)
			EditorAssembliesLoaded (0ms)
		ExecutionOrderSort2 (0ms)
		AwakeInstancesAfterBackupRestoration (10ms)
Refreshing native plugins compatible for Editor in 20.44 ms, found 3 plugins.
Preloading 0 native plugins for Editor in 0.00 ms.
Unloading 2440 Unused Serialized files (Serialized files now loaded: 0)
Unloading 51 unused Assets / (74.7 KB). Loaded Objects now: 2913.
Memory consumption went from 103.5 MB to 103.5 MB.
Total: 5.495900 ms (FindLiveObjects: 1.434200 ms CreateObjectMapping: 0.233200 ms MarkObjects: 3.642200 ms  DeleteObjects: 0.185100 ms)

Prepare: number of updated asset objects reloaded= 0
AssetImportParameters requested are different than current active one (requested -> active):
  custom:video-decoder-webm-vp8: 9c59270c3fd7afecdb556c50c9e8de78 -> 
  custom:scripting/monoscript/fileName/Fusion.Unity.Editor.cs: ca18b06740607e46188de05c14ba653a -> 03567c4b15c45945dc15ab58a0be30e9
  custom:SearchIndexIgnoredProperties: e643bd26f0fe6173181afceb89e7c659 -> 
  custom:container-demuxer-ogg: 62fdf1f143b41e24485cea50d1cbac27 -> 
  custom:AudioImporter_EditorPlatform: d09bf68614088b80899f8185d706f6e7 -> 
  custom:video-decoder-ogg-theora: a1e56fd34408186e4bbccfd4996cb3dc -> 
  custom:framework-win-MediaFoundation: 216162199b28c13a410421893ffa2e32 -> 
  custom:video-encoder-webm-vp8: eb34c28f22e8b96e1ab97ce403110664 -> 
  custom:audio-decoder-ogg-vorbis: bf7c407c2cedff20999df2af8eb42d56 -> 
  custom:CustomObjectIndexerAttribute: 756ad292c208cfabdd7b50bc23989ffe -> 
  custom:container-demuxer-webm: 4f35f7cbe854078d1ac9338744f61a02 -> 
  custom:audio-encoder-webm-vorbis: bf7c407c2cedff20999df2af8eb42d56 -> 
  custom:container-muxer-webm: aa71ff27fc2769a1b78a27578f13a17b -> 
========================================================================
Received Prepare
Begin MonoManager ReloadAssembly
- Loaded All Assemblies, in  0.660 seconds
Refreshing native plugins compatible for Editor in 8.28 ms, found 3 plugins.
Native extension for WindowsStandalone target not found
[Package Manager] Server::EnsureServerProcessIsRunning -- launch failed, reason: Unity was launched with the -noUpm command-line argument
[Package Manager] UpmClient::Send -- Unable to send message (not connected to UPM process).
[Package Manager] Cannot connect to Unity Package Manager local server
Mono: successfully reloaded assembly
- Finished resetting the current domain, in  0.907 seconds
Domain Reload Profiling: 1565ms
	BeginReloadAssembly (178ms)
		ExecutionOrderSort (0ms)
		DisableScriptedObjects (6ms)
		BackupInstance (0ms)
		ReleaseScriptingObjects (0ms)
		CreateAndSetChildDomain (44ms)
	RebuildCommonClasses (41ms)
	RebuildNativeTypeToScriptingClass (15ms)
	initialDomainReloadingComplete (34ms)
	LoadAllAssembliesAndSetupDomain (389ms)
		LoadAssemblies (368ms)
		RebuildTransferFunctionScriptingTraits (0ms)
		AnalyzeDomain (116ms)
			TypeCache.Refresh (93ms)
				TypeCache.ScanAssembly (83ms)
			ScanForSourceGeneratedMonoScriptInfo (14ms)
			ResolveRequiredComponents (8ms)
	FinalizeReload (907ms)
		ReleaseScriptCaches (0ms)
		RebuildScriptCaches (0ms)
		SetupLoadedEditorAssemblies (520ms)
			LogAssemblyErrors (0ms)
			InitializePlatformSupportModulesInManaged (5ms)
			SetLoadedEditorAssemblies (4ms)
			RefreshPlugins (0ms)
			BeforeProcessingInitializeOnLoad (58ms)
			ProcessInitializeOnLoadAttributes (418ms)
			ProcessInitializeOnLoadMethodAttributes (32ms)
			AfterProcessingInitializeOnLoad (3ms)
			EditorAssembliesLoaded (0ms)
		ExecutionOrderSort2 (0ms)
		AwakeInstancesAfterBackupRestoration (8ms)
Refreshing native plugins compatible for Editor in 8.13 ms, found 3 plugins.
Preloading 0 native plugins for Editor in 0.00 ms.
Unloading 2440 Unused Serialized files (Serialized files now loaded: 0)
Unloading 51 unused Assets / (74.9 KB). Loaded Objects now: 2916.
Memory consumption went from 103.5 MB to 103.5 MB.
Total: 4.377100 ms (FindLiveObjects: 0.245200 ms CreateObjectMapping: 0.312700 ms MarkObjects: 3.609400 ms  DeleteObjects: 0.208800 ms)

Prepare: number of updated asset objects reloaded= 0
AssetImportParameters requested are different than current active one (requested -> active):
  custom:video-decoder-webm-vp8: 9c59270c3fd7afecdb556c50c9e8de78 -> 
  custom:scripting/monoscript/fileName/Fusion.Unity.Editor.cs: ca18b06740607e46188de05c14ba653a -> 03567c4b15c45945dc15ab58a0be30e9
  custom:SearchIndexIgnoredProperties: e643bd26f0fe6173181afceb89e7c659 -> 
  custom:container-demuxer-ogg: 62fdf1f143b41e24485cea50d1cbac27 -> 
  custom:AudioImporter_EditorPlatform: d09bf68614088b80899f8185d706f6e7 -> 
  custom:video-decoder-ogg-theora: a1e56fd34408186e4bbccfd4996cb3dc -> 
  custom:framework-win-MediaFoundation: 216162199b28c13a410421893ffa2e32 -> 
  custom:video-encoder-webm-vp8: eb34c28f22e8b96e1ab97ce403110664 -> 
  custom:audio-decoder-ogg-vorbis: bf7c407c2cedff20999df2af8eb42d56 -> 
  custom:CustomObjectIndexerAttribute: 756ad292c208cfabdd7b50bc23989ffe -> 
  custom:container-demuxer-webm: 4f35f7cbe854078d1ac9338744f61a02 -> 
  custom:audio-encoder-webm-vorbis: bf7c407c2cedff20999df2af8eb42d56 -> 
  custom:container-muxer-webm: aa71ff27fc2769a1b78a27578f13a17b -> 
========================================================================
Received Prepare
Begin MonoManager ReloadAssembly
- Loaded All Assemblies, in  0.755 seconds
Refreshing native plugins compatible for Editor in 8.86 ms, found 3 plugins.
Native extension for WindowsStandalone target not found
[Package Manager] Server::EnsureServerProcessIsRunning -- launch failed, reason: Unity was launched with the -noUpm command-line argument
[Package Manager] UpmClient::Send -- Unable to send message (not connected to UPM process).
[Package Manager] Cannot connect to Unity Package Manager local server
Mono: successfully reloaded assembly
- Finished resetting the current domain, in  0.892 seconds
Domain Reload Profiling: 1646ms
	BeginReloadAssembly (170ms)
		ExecutionOrderSort (0ms)
		DisableScriptedObjects (6ms)
		BackupInstance (0ms)
		ReleaseScriptingObjects (0ms)
		CreateAndSetChildDomain (44ms)
	RebuildCommonClasses (128ms)
	RebuildNativeTypeToScriptingClass (30ms)
	initialDomainReloadingComplete (50ms)
	LoadAllAssembliesAndSetupDomain (376ms)
		LoadAssemblies (362ms)
		RebuildTransferFunctionScriptingTraits (0ms)
		AnalyzeDomain (101ms)
			TypeCache.Refresh (80ms)
				TypeCache.ScanAssembly (70ms)
			ScanForSourceGeneratedMonoScriptInfo (12ms)
			ResolveRequiredComponents (7ms)
	FinalizeReload (893ms)
		ReleaseScriptCaches (0ms)
		RebuildScriptCaches (0ms)
		SetupLoadedEditorAssemblies (520ms)
			LogAssemblyErrors (0ms)
			InitializePlatformSupportModulesInManaged (6ms)
			SetLoadedEditorAssemblies (4ms)
			RefreshPlugins (0ms)
			BeforeProcessingInitializeOnLoad (68ms)
			ProcessInitializeOnLoadAttributes (407ms)
			ProcessInitializeOnLoadMethodAttributes (32ms)
			AfterProcessingInitializeOnLoad (3ms)
			EditorAssembliesLoaded (0ms)
		ExecutionOrderSort2 (0ms)
		AwakeInstancesAfterBackupRestoration (9ms)
Refreshing native plugins compatible for Editor in 8.57 ms, found 3 plugins.
Preloading 0 native plugins for Editor in 0.00 ms.
Unloading 2439 Unused Serialized files (Serialized files now loaded: 0)
Unloading 51 unused Assets / (75.3 KB). Loaded Objects now: 2918.
Memory consumption went from 103.5 MB to 103.4 MB.
Total: 4.090400 ms (FindLiveObjects: 0.275200 ms CreateObjectMapping: 0.266900 ms MarkObjects: 3.427800 ms  DeleteObjects: 0.119500 ms)

Prepare: number of updated asset objects reloaded= 0
AssetImportParameters requested are different than current active one (requested -> active):
  custom:video-decoder-webm-vp8: 9c59270c3fd7afecdb556c50c9e8de78 -> 
  custom:scripting/monoscript/fileName/Fusion.Unity.Editor.cs: ca18b06740607e46188de05c14ba653a -> 03567c4b15c45945dc15ab58a0be30e9
  custom:SearchIndexIgnoredProperties: e643bd26f0fe6173181afceb89e7c659 -> 
  custom:container-demuxer-ogg: 62fdf1f143b41e24485cea50d1cbac27 -> 
  custom:AudioImporter_EditorPlatform: d09bf68614088b80899f8185d706f6e7 -> 
  custom:video-decoder-ogg-theora: a1e56fd34408186e4bbccfd4996cb3dc -> 
  custom:framework-win-MediaFoundation: 216162199b28c13a410421893ffa2e32 -> 
  custom:video-encoder-webm-vp8: eb34c28f22e8b96e1ab97ce403110664 -> 
  custom:audio-decoder-ogg-vorbis: bf7c407c2cedff20999df2af8eb42d56 -> 
  custom:CustomObjectIndexerAttribute: 756ad292c208cfabdd7b50bc23989ffe -> 
  custom:container-demuxer-webm: 4f35f7cbe854078d1ac9338744f61a02 -> 
  custom:audio-encoder-webm-vorbis: bf7c407c2cedff20999df2af8eb42d56 -> 
  custom:container-muxer-webm: aa71ff27fc2769a1b78a27578f13a17b -> 
========================================================================
Received Prepare
Begin MonoManager ReloadAssembly
- Loaded All Assemblies, in  1.063 seconds
Refreshing native plugins compatible for Editor in 12.65 ms, found 3 plugins.
Native extension for WindowsStandalone target not found
[Package Manager] Server::EnsureServerProcessIsRunning -- launch failed, reason: Unity was launched with the -noUpm command-line argument
[Package Manager] UpmClient::Send -- Unable to send message (not connected to UPM process).
[Package Manager] Cannot connect to Unity Package Manager local server
Mono: successfully reloaded assembly
- Finished resetting the current domain, in  1.112 seconds
Domain Reload Profiling: 2173ms
	BeginReloadAssembly (414ms)
		ExecutionOrderSort (0ms)
		DisableScriptedObjects (7ms)
		BackupInstance (0ms)
		ReleaseScriptingObjects (0ms)
		CreateAndSetChildDomain (47ms)
	RebuildCommonClasses (55ms)
	RebuildNativeTypeToScriptingClass (16ms)
	initialDomainReloadingComplete (46ms)
	LoadAllAssembliesAndSetupDomain (530ms)
		LoadAssemblies (684ms)
		RebuildTransferFunctionScriptingTraits (0ms)
		AnalyzeDomain (166ms)
			TypeCache.Refresh (145ms)
				TypeCache.ScanAssembly (131ms)
			ScanForSourceGeneratedMonoScriptInfo (12ms)
			ResolveRequiredComponents (8ms)
	FinalizeReload (1112ms)
		ReleaseScriptCaches (0ms)
		RebuildScriptCaches (0ms)
		SetupLoadedEditorAssemblies (692ms)
			LogAssemblyErrors (0ms)
			InitializePlatformSupportModulesInManaged (6ms)
			SetLoadedEditorAssemblies (5ms)
			RefreshPlugins (0ms)
			BeforeProcessingInitializeOnLoad (128ms)
			ProcessInitializeOnLoadAttributes (506ms)
			ProcessInitializeOnLoadMethodAttributes (42ms)
			AfterProcessingInitializeOnLoad (4ms)
			EditorAssembliesLoaded (1ms)
		ExecutionOrderSort2 (0ms)
		AwakeInstancesAfterBackupRestoration (11ms)
Refreshing native plugins compatible for Editor in 9.16 ms, found 3 plugins.
Preloading 0 native plugins for Editor in 0.00 ms.
Unloading 2441 Unused Serialized files (Serialized files now loaded: 0)
Unloading 52 unused Assets / (74.7 KB). Loaded Objects now: 2928.
Memory consumption went from 103.7 MB to 103.6 MB.
Total: 3.824800 ms (FindLiveObjects: 0.264900 ms CreateObjectMapping: 0.276800 ms MarkObjects: 3.146500 ms  DeleteObjects: 0.135500 ms)

Prepare: number of updated asset objects reloaded= 0
AssetImportParameters requested are different than current active one (requested -> active):
  custom:video-decoder-webm-vp8: 9c59270c3fd7afecdb556c50c9e8de78 -> 
  custom:scripting/monoscript/fileName/Fusion.Unity.Editor.cs: ca18b06740607e46188de05c14ba653a -> 03567c4b15c45945dc15ab58a0be30e9
  custom:SearchIndexIgnoredProperties: e643bd26f0fe6173181afceb89e7c659 -> 
  custom:container-demuxer-ogg: 62fdf1f143b41e24485cea50d1cbac27 -> 
  custom:AudioImporter_EditorPlatform: d09bf68614088b80899f8185d706f6e7 -> 
  custom:video-decoder-ogg-theora: a1e56fd34408186e4bbccfd4996cb3dc -> 
  custom:framework-win-MediaFoundation: 216162199b28c13a410421893ffa2e32 -> 
  custom:video-encoder-webm-vp8: eb34c28f22e8b96e1ab97ce403110664 -> 
  custom:audio-decoder-ogg-vorbis: bf7c407c2cedff20999df2af8eb42d56 -> 
  custom:CustomObjectIndexerAttribute: 756ad292c208cfabdd7b50bc23989ffe -> 
  custom:container-demuxer-webm: 4f35f7cbe854078d1ac9338744f61a02 -> 
  custom:audio-encoder-webm-vorbis: bf7c407c2cedff20999df2af8eb42d56 -> 
  custom:container-muxer-webm: aa71ff27fc2769a1b78a27578f13a17b -> 
========================================================================
Received Import Request.
  Time since last request: 1148.355636 seconds.
  path: Assets/Plugins/UniRx/Examples/Sample13_ToDoItem.prefab
  artifactKey: Guid(173222196f3e1f0448b383f260df7d44) Importer(815301076,1909f56bfc062723c751e8b465ee728b)
Start importing Assets/Plugins/UniRx/Examples/Sample13_ToDoItem.prefab using Guid(173222196f3e1f0448b383f260df7d44) Importer(815301076,1909f56bfc062723c751e8b465ee728b)  -> (artifact id: 'dfc6360ee13f16521c3ba6f7f5f8ade6') in 0.048339 seconds
Number of updated asset objects reloaded before import = 0
Number of asset objects unloaded after import = 17
========================================================================
Received Import Request.
  Time since last request: 0.000026 seconds.
  path: Assets/Photon/Fusion/Runtime/Statistics/Prefabs/NOStatGraph.prefab
  artifactKey: Guid(302a42a4eb4d5e540b803b1f86597505) Importer(815301076,1909f56bfc062723c751e8b465ee728b)
Start importing Assets/Photon/Fusion/Runtime/Statistics/Prefabs/NOStatGraph.prefab using Guid(302a42a4eb4d5e540b803b1f86597505) Importer(815301076,1909f56bfc062723c751e8b465ee728b)  -> (artifact id: 'd03f3a66921c7bbca75486f64fd5bdfd') in 0.107766 seconds
Number of updated asset objects reloaded before import = 0
Number of asset objects unloaded after import = 63
========================================================================
Received Import Request.
  Time since last request: 0.000016 seconds.
  path: Assets/Photon/Fusion/Runtime/Statistics/Prefabs/SingleStatistics.prefab
  artifactKey: Guid(483568e790e53a243a4f436e924e90b9) Importer(815301076,1909f56bfc062723c751e8b465ee728b)
Start importing Assets/Photon/Fusion/Runtime/Statistics/Prefabs/SingleStatistics.prefab using Guid(483568e790e53a243a4f436e924e90b9) Importer(815301076,1909f56bfc062723c751e8b465ee728b)  -> (artifact id: 'bceb08f78713f63d9c23e2417ed9cae2') in 0.006827 seconds
Number of updated asset objects reloaded before import = 0
Number of asset objects unloaded after import = 72
========================================================================
Received Import Request.
  Time since last request: 0.000017 seconds.
  path: Assets/Photon/Fusion/Runtime/Statistics/Resources/FusionStatsResources/FusionStatsRenderPanel.prefab
  artifactKey: Guid(367c5caf25960d8419724c6c96708538) Importer(815301076,1909f56bfc062723c751e8b465ee728b)
Start importing Assets/Photon/Fusion/Runtime/Statistics/Resources/FusionStatsResources/FusionStatsRenderPanel.prefab using Guid(367c5caf25960d8419724c6c96708538) Importer(815301076,1909f56bfc062723c751e8b465ee728b)  -> (artifact id: 'e79a873143282962ce49a1f10717b3eb') in 0.019904 seconds
Number of updated asset objects reloaded before import = 0
Number of asset objects unloaded after import = 258
========================================================================
Received Import Request.
  Time since last request: 0.000021 seconds.
  path: Assets/Photon/Fusion/Runtime/Statistics/Resources/FusionStatsResources/NetworkObjectStatistics.prefab
  artifactKey: Guid(7cc7f808e527f6e4f98257acbf47ad87) Importer(815301076,1909f56bfc062723c751e8b465ee728b)
Start importing Assets/Photon/Fusion/Runtime/Statistics/Resources/FusionStatsResources/NetworkObjectStatistics.prefab using Guid(7cc7f808e527f6e4f98257acbf47ad87) Importer(815301076,1909f56bfc062723c751e8b465ee728b)  -> (artifact id: '8d43f55538d9b3417bb4450c95f7c93b') in 0.007617 seconds
Number of updated asset objects reloaded before import = 0
Number of asset objects unloaded after import = 149
========================================================================
Received Import Request.
  Time since last request: 0.000018 seconds.
  path: Assets/Photon/Fusion/Runtime/Statistics/Prefabs/StatisticsRenderGraph.prefab
  artifactKey: Guid(a09170bc25723ba48b6d4d36f6201acd) Importer(815301076,1909f56bfc062723c751e8b465ee728b)
Start importing Assets/Photon/Fusion/Runtime/Statistics/Prefabs/StatisticsRenderGraph.prefab using Guid(a09170bc25723ba48b6d4d36f6201acd) Importer(815301076,1909f56bfc062723c751e8b465ee728b)  -> (artifact id: 'a161dfa8fa3c75ccb04b10b3d92d115a') in 0.003503 seconds
Number of updated asset objects reloaded before import = 0
Number of asset objects unloaded after import = 52
========================================================================
Received Import Request.
  Time since last request: 0.000016 seconds.
  path: Assets/Photon/Fusion/Runtime/Statistics/Prefabs/FusionStatsSimpleButton.prefab
  artifactKey: Guid(8e3a30446d6463e48adea83d18ce9654) Importer(815301076,1909f56bfc062723c751e8b465ee728b)
Start importing Assets/Photon/Fusion/Runtime/Statistics/Prefabs/FusionStatsSimpleButton.prefab using Guid(8e3a30446d6463e48adea83d18ce9654) Importer(815301076,1909f56bfc062723c751e8b465ee728b)  -> (artifact id: '255c0bcaa6c90796fdea384250772f3c') in 0.002861 seconds
Number of updated asset objects reloaded before import = 0
Number of asset objects unloaded after import = 11
========================================================================
Received Import Request.
  Time since last request: 130.414870 seconds.
  path: Assets/Game
  artifactKey: Guid(1492b8f338779bf468995258c1efe5a4) Importer(815301076,1909f56bfc062723c751e8b465ee728b)
Start importing Assets/Game using Guid(1492b8f338779bf468995258c1efe5a4) Importer(815301076,1909f56bfc062723c751e8b465ee728b)  -> (artifact id: '7b6603ca9922fc5567c05105e4f2e23f') in 0.001217 seconds
Number of updated asset objects reloaded before import = 0
Number of asset objects unloaded after import = 0
========================================================================
Received Import Request.
  Time since last request: 10.046152 seconds.
  path: Assets/Game/Scenes
  artifactKey: Guid(d5bee192d85c43c44989fad7ce32947b) Importer(815301076,1909f56bfc062723c751e8b465ee728b)
Start importing Assets/Game/Scenes using Guid(d5bee192d85c43c44989fad7ce32947b) Importer(815301076,1909f56bfc062723c751e8b465ee728b)  -> (artifact id: '7a090f0fc54687acce6528f7fb60975e') in 0.001040 seconds
Number of updated asset objects reloaded before import = 0
Number of asset objects unloaded after import = 0
========================================================================
Received Import Request.
  Time since last request: 176.233657 seconds.
  path: Assets/Game/Scenes/Boot.unity
  artifactKey: Guid(16eb987cd8955fa4ca01eabeed2dc078) Importer(815301076,1909f56bfc062723c751e8b465ee728b)
Start importing Assets/Game/Scenes/Boot.unity using Guid(16eb987cd8955fa4ca01eabeed2dc078) Importer(815301076,1909f56bfc062723c751e8b465ee728b)  -> (artifact id: '54911dc0c5946f57fc20e2d313ad1ca7') in 0.000929 seconds
Number of updated asset objects reloaded before import = 0
Number of asset objects unloaded after import = 0
========================================================================
Received Prepare
Begin MonoManager ReloadAssembly
- Loaded All Assemblies, in  0.841 seconds
Refreshing native plugins compatible for Editor in 8.21 ms, found 3 plugins.
Native extension for WindowsStandalone target not found
[Package Manager] Server::EnsureServerProcessIsRunning -- launch failed, reason: Unity was launched with the -noUpm command-line argument
[Package Manager] UpmClient::Send -- Unable to send message (not connected to UPM process).
[Package Manager] Cannot connect to Unity Package Manager local server
Mono: successfully reloaded assembly
- Finished resetting the current domain, in  0.990 seconds
Domain Reload Profiling: 1830ms
	BeginReloadAssembly (180ms)
		ExecutionOrderSort (0ms)
		DisableScriptedObjects (6ms)
		BackupInstance (0ms)
		ReleaseScriptingObjects (0ms)
		CreateAndSetChildDomain (48ms)
	RebuildCommonClasses (39ms)
	RebuildNativeTypeToScriptingClass (14ms)
	initialDomainReloadingComplete (37ms)
	LoadAllAssembliesAndSetupDomain (570ms)
		LoadAssemblies (631ms)
		RebuildTransferFunctionScriptingTraits (0ms)
		AnalyzeDomain (33ms)
			TypeCache.Refresh (10ms)
				TypeCache.ScanAssembly (1ms)
			ScanForSourceGeneratedMonoScriptInfo (13ms)
			ResolveRequiredComponents (8ms)
	FinalizeReload (991ms)
		ReleaseScriptCaches (0ms)
		RebuildScriptCaches (0ms)
		SetupLoadedEditorAssemblies (590ms)
			LogAssemblyErrors (0ms)
			InitializePlatformSupportModulesInManaged (5ms)
			SetLoadedEditorAssemblies (5ms)
			RefreshPlugins (0ms)
			BeforeProcessingInitializeOnLoad (56ms)
			ProcessInitializeOnLoadAttributes (478ms)
			ProcessInitializeOnLoadMethodAttributes (42ms)
			AfterProcessingInitializeOnLoad (4ms)
			EditorAssembliesLoaded (0ms)
		ExecutionOrderSort2 (0ms)
		AwakeInstancesAfterBackupRestoration (10ms)
Refreshing native plugins compatible for Editor in 8.31 ms, found 3 plugins.
Preloading 0 native plugins for Editor in 0.00 ms.
Unloading 2464 Unused Serialized files (Serialized files now loaded: 0)
Unloading 58 unused Assets / (79.6 KB). Loaded Objects now: 2958.
Memory consumption went from 104.6 MB to 104.5 MB.
Total: 3.718600 ms (FindLiveObjects: 0.232200 ms CreateObjectMapping: 0.173000 ms MarkObjects: 3.143300 ms  DeleteObjects: 0.169200 ms)

Prepare: number of updated asset objects reloaded= 0
AssetImportParameters requested are different than current active one (requested -> active):
  custom:video-decoder-webm-vp8: 9c59270c3fd7afecdb556c50c9e8de78 -> 
  custom:scripting/monoscript/fileName/Fusion.Unity.Editor.cs: ca18b06740607e46188de05c14ba653a -> 03567c4b15c45945dc15ab58a0be30e9
  custom:SearchIndexIgnoredProperties: e643bd26f0fe6173181afceb89e7c659 -> 
  custom:container-demuxer-ogg: 62fdf1f143b41e24485cea50d1cbac27 -> 
  custom:AudioImporter_EditorPlatform: d09bf68614088b80899f8185d706f6e7 -> 
  custom:video-decoder-ogg-theora: a1e56fd34408186e4bbccfd4996cb3dc -> 
  custom:framework-win-MediaFoundation: 216162199b28c13a410421893ffa2e32 -> 
  custom:video-encoder-webm-vp8: eb34c28f22e8b96e1ab97ce403110664 -> 
  custom:audio-decoder-ogg-vorbis: bf7c407c2cedff20999df2af8eb42d56 -> 
  custom:CustomObjectIndexerAttribute: 756ad292c208cfabdd7b50bc23989ffe -> 
  custom:container-demuxer-webm: 4f35f7cbe854078d1ac9338744f61a02 -> 
  custom:audio-encoder-webm-vorbis: bf7c407c2cedff20999df2af8eb42d56 -> 
  custom:container-muxer-webm: aa71ff27fc2769a1b78a27578f13a17b -> 
========================================================================
Received Import Request.
  Time since last request: 14766.559780 seconds.
  path: Assets/Game/Code/Extensions
  artifactKey: Guid(ab16b5491cb34cd45aae4e302dc28f06) Importer(815301076,1909f56bfc062723c751e8b465ee728b)
Start importing Assets/Game/Code/Extensions using Guid(ab16b5491cb34cd45aae4e302dc28f06) Importer(815301076,1909f56bfc062723c751e8b465ee728b)  -> (artifact id: 'b1a68798b0509f8ec9ac6dec1918f515') in 0.003845 seconds
Number of updated asset objects reloaded before import = 0
Number of asset objects unloaded after import = 0
========================================================================
Received Import Request.
  Time since last request: 10.053797 seconds.
  path: Assets/Game/Code/Extensions/NewAssembly.asmdef
  artifactKey: Guid(65b3a2bf958f0c047bb8b73d2d410c73) Importer(815301076,1909f56bfc062723c751e8b465ee728b)
Start importing Assets/Game/Code/Extensions/NewAssembly.asmdef using Guid(65b3a2bf958f0c047bb8b73d2d410c73) Importer(815301076,1909f56bfc062723c751e8b465ee728b)  -> (artifact id: 'e113f3437a99002c7b166a890dfe52eb') in 0.001125 seconds
Number of updated asset objects reloaded before import = 0
Number of asset objects unloaded after import = 0
========================================================================
Received Import Request.
  Time since last request: 19.140005 seconds.
  path: Assets/Game/Code/Extensions/Game.Code.asmdef
  artifactKey: Guid(65b3a2bf958f0c047bb8b73d2d410c73) Importer(815301076,1909f56bfc062723c751e8b465ee728b)
Start importing Assets/Game/Code/Extensions/Game.Code.asmdef using Guid(65b3a2bf958f0c047bb8b73d2d410c73) Importer(815301076,1909f56bfc062723c751e8b465ee728b)  -> (artifact id: '7343a779bf3fed4e98180a04c92b03fd') in 0.000650 seconds
Number of updated asset objects reloaded before import = 0
Number of asset objects unloaded after import = 0
========================================================================
Received Prepare
Begin MonoManager ReloadAssembly
- Loaded All Assemblies, in  0.789 seconds
Refreshing native plugins compatible for Editor in 9.12 ms, found 3 plugins.
Native extension for WindowsStandalone target not found
[Package Manager] Server::EnsureServerProcessIsRunning -- launch failed, reason: Unity was launched with the -noUpm command-line argument
[Package Manager] UpmClient::Send -- Unable to send message (not connected to UPM process).
[Package Manager] Cannot connect to Unity Package Manager local server
Mono: successfully reloaded assembly
- Finished resetting the current domain, in  0.912 seconds
Domain Reload Profiling: 1699ms
	BeginReloadAssembly (209ms)
		ExecutionOrderSort (0ms)
		DisableScriptedObjects (8ms)
		BackupInstance (0ms)
		ReleaseScriptingObjects (0ms)
		CreateAndSetChildDomain (62ms)
	RebuildCommonClasses (44ms)
	RebuildNativeTypeToScriptingClass (14ms)
	initialDomainReloadingComplete (37ms)
	LoadAllAssembliesAndSetupDomain (483ms)
		LoadAssemblies (550ms)
		RebuildTransferFunctionScriptingTraits (0ms)
		AnalyzeDomain (35ms)
			TypeCache.Refresh (11ms)
				TypeCache.ScanAssembly (1ms)
			ScanForSourceGeneratedMonoScriptInfo (14ms)
			ResolveRequiredComponents (9ms)
	FinalizeReload (912ms)
		ReleaseScriptCaches (0ms)
		RebuildScriptCaches (0ms)
		SetupLoadedEditorAssemblies (521ms)
			LogAssemblyErrors (0ms)
			InitializePlatformSupportModulesInManaged (5ms)
			SetLoadedEditorAssemblies (5ms)
			RefreshPlugins (0ms)
			BeforeProcessingInitializeOnLoad (58ms)
			ProcessInitializeOnLoadAttributes (415ms)
			ProcessInitializeOnLoadMethodAttributes (34ms)
			AfterProcessingInitializeOnLoad (3ms)
			EditorAssembliesLoaded (0ms)
		ExecutionOrderSort2 (0ms)
		AwakeInstancesAfterBackupRestoration (9ms)
Refreshing native plugins compatible for Editor in 12.83 ms, found 3 plugins.
Preloading 0 native plugins for Editor in 0.00 ms.
Unloading 2466 Unused Serialized files (Serialized files now loaded: 0)
Unloading 53 unused Assets / (75.2 KB). Loaded Objects now: 2963.
Memory consumption went from 104.6 MB to 104.6 MB.
Total: 5.439700 ms (FindLiveObjects: 0.300700 ms CreateObjectMapping: 0.461500 ms MarkObjects: 4.432300 ms  DeleteObjects: 0.244200 ms)

Prepare: number of updated asset objects reloaded= 0
AssetImportParameters requested are different than current active one (requested -> active):
  custom:video-decoder-webm-vp8: 9c59270c3fd7afecdb556c50c9e8de78 -> 
  custom:scripting/monoscript/fileName/Fusion.Unity.Editor.cs: ca18b06740607e46188de05c14ba653a -> 03567c4b15c45945dc15ab58a0be30e9
  custom:SearchIndexIgnoredProperties: e643bd26f0fe6173181afceb89e7c659 -> 
  custom:container-demuxer-ogg: 62fdf1f143b41e24485cea50d1cbac27 -> 
  custom:AudioImporter_EditorPlatform: d09bf68614088b80899f8185d706f6e7 -> 
  custom:video-decoder-ogg-theora: a1e56fd34408186e4bbccfd4996cb3dc -> 
  custom:framework-win-MediaFoundation: 216162199b28c13a410421893ffa2e32 -> 
  custom:video-encoder-webm-vp8: eb34c28f22e8b96e1ab97ce403110664 -> 
  custom:audio-decoder-ogg-vorbis: bf7c407c2cedff20999df2af8eb42d56 -> 
  custom:CustomObjectIndexerAttribute: 756ad292c208cfabdd7b50bc23989ffe -> 
  custom:container-demuxer-webm: 4f35f7cbe854078d1ac9338744f61a02 -> 
  custom:audio-encoder-webm-vorbis: bf7c407c2cedff20999df2af8eb42d56 -> 
  custom:container-muxer-webm: aa71ff27fc2769a1b78a27578f13a17b -> 
========================================================================
Received Import Request.
  Time since last request: 1231.152815 seconds.
  path: Assets/Game/Prefabs/Infrastructure
  artifactKey: Guid(d66d4cf563d918e48a9224b8e7c46949) Importer(815301076,1909f56bfc062723c751e8b465ee728b)
Start importing Assets/Game/Prefabs/Infrastructure using Guid(d66d4cf563d918e48a9224b8e7c46949) Importer(815301076,1909f56bfc062723c751e8b465ee728b)  -> (artifact id: '7ffb1039e3a08f3589747ecb26398ed4') in 0.004675 seconds
Number of updated asset objects reloaded before import = 0
Number of asset objects unloaded after import = 0
========================================================================
Received Import Request.
  Time since last request: 553.813954 seconds.
  path: Assets/Game/Code/Common/CoroutineRunner
  artifactKey: Guid(5b70b2196edb60848884d43b9140d510) Importer(815301076,1909f56bfc062723c751e8b465ee728b)
Start importing Assets/Game/Code/Common/CoroutineRunner using Guid(5b70b2196edb60848884d43b9140d510) Importer(815301076,1909f56bfc062723c751e8b465ee728b)  -> (artifact id: 'eabdf53887b03e6170adb069c78db9f5') in 0.000992 seconds
Number of updated asset objects reloaded before import = 0
Number of asset objects unloaded after import = 0
========================================================================
Received Import Request.
  Time since last request: 1.355028 seconds.
  path: Assets/Game/Code/Common/CoroutineRunner/CoroutineRunner.cs
  artifactKey: Guid(c376310ba9d4a864da621d345f4a0312) Importer(815301076,1909f56bfc062723c751e8b465ee728b)
Start importing Assets/Game/Code/Common/CoroutineRunner/CoroutineRunner.cs using Guid(c376310ba9d4a864da621d345f4a0312) Importer(815301076,1909f56bfc062723c751e8b465ee728b)  -> (artifact id: '3514008d8e2c8cd2b58557bd6e62fe27') in 0.000637 seconds
Number of updated asset objects reloaded before import = 0
Number of asset objects unloaded after import = 0
========================================================================
Received Import Request.
  Time since last request: 76.137998 seconds.
  path: Assets/Photon/Fusion/CodeGen/Fusion.CodeGen.asmdef
  artifactKey: Guid(d9d8635f8670c0c44ba7a8140f7ac7b9) Importer(815301076,1909f56bfc062723c751e8b465ee728b)
Start importing Assets/Photon/Fusion/CodeGen/Fusion.CodeGen.asmdef using Guid(d9d8635f8670c0c44ba7a8140f7ac7b9) Importer(815301076,1909f56bfc062723c751e8b465ee728b)  -> (artifact id: '38326a900ec275e116fd9ba5c3f5acea') in 0.000553 seconds
Number of updated asset objects reloaded before import = 0
Number of asset objects unloaded after import = 0
========================================================================
Received Import Request.
  Time since last request: 67.358842 seconds.
  path: Assets/Photon/Fusion/CodeGen/Fusion.CodeGen.cs
  artifactKey: Guid(800c2efef414be248b2a8c6cf25bf27f) Importer(815301076,1909f56bfc062723c751e8b465ee728b)
Start importing Assets/Photon/Fusion/CodeGen/Fusion.CodeGen.cs using Guid(800c2efef414be248b2a8c6cf25bf27f) Importer(815301076,1909f56bfc062723c751e8b465ee728b)  -> (artifact id: '045dde37f648d75f068c80e2c8d4713b') in 0.000739 seconds
Number of updated asset objects reloaded before import = 0
Number of asset objects unloaded after import = 0
========================================================================
Received Import Request.
  Time since last request: 6.195821 seconds.
  path: Assets/Photon/Fusion/CodeGen/Fusion.CodeGen.User.cs
  artifactKey: Guid(5f9faa3ffc014c941995a81138385040) Importer(815301076,1909f56bfc062723c751e8b465ee728b)
Start importing Assets/Photon/Fusion/CodeGen/Fusion.CodeGen.User.cs using Guid(5f9faa3ffc014c941995a81138385040) Importer(815301076,1909f56bfc062723c751e8b465ee728b)  -> (artifact id: '1e5186da35c4b3ea3fab9276d3734e50') in 0.000627 seconds
Number of updated asset objects reloaded before import = 0
Number of asset objects unloaded after import = 0
========================================================================
Received Import Request.
  Time since last request: 55.181150 seconds.
  path: Assets/Photon/Fusion/Editor/Fusion.Unity.Editor.asmdef
  artifactKey: Guid(4d449a4732e064d26a3069f2cfd88917) Importer(815301076,1909f56bfc062723c751e8b465ee728b)
Start importing Assets/Photon/Fusion/Editor/Fusion.Unity.Editor.asmdef using Guid(4d449a4732e064d26a3069f2cfd88917) Importer(815301076,1909f56bfc062723c751e8b465ee728b)  -> (artifact id: '779bdb3871776214a6011814f6ad3aa8') in 0.001600 seconds
Number of updated asset objects reloaded before import = 0
Number of asset objects unloaded after import = 0
========================================================================
Received Import Request.
  Time since last request: 85.821294 seconds.
  path: Assets/Photon/Fusion/Editor/NetworkPrefabsInspector.cs
  artifactKey: Guid(2a91437e16a1edc41bde1ce3b0114aab) Importer(815301076,1909f56bfc062723c751e8b465ee728b)
Start importing Assets/Photon/Fusion/Editor/NetworkPrefabsInspector.cs using Guid(2a91437e16a1edc41bde1ce3b0114aab) Importer(815301076,1909f56bfc062723c751e8b465ee728b)  -> (artifact id: '6c764e78ad6fd3d53b6a0b1f1c01c791') in 0.000954 seconds
Number of updated asset objects reloaded before import = 0
Number of asset objects unloaded after import = 0
========================================================================
Received Import Request.
  Time since last request: 2.824751 seconds.
  path: Assets/Photon/Fusion/Editor/NetworkProjectConfigImporter.cs
  artifactKey: Guid(66a64a17d0b40f34f9224317a5a84bf2) Importer(815301076,1909f56bfc062723c751e8b465ee728b)
Start importing Assets/Photon/Fusion/Editor/NetworkProjectConfigImporter.cs using Guid(66a64a17d0b40f34f9224317a5a84bf2) Importer(815301076,1909f56bfc062723c751e8b465ee728b)  -> (artifact id: '7bfe7ab95966cc70a0e183219ddd8c94') in 0.000856 seconds
Number of updated asset objects reloaded before import = 0
Number of asset objects unloaded after import = 0
========================================================================
Received Import Request.
  Time since last request: 1.029156 seconds.
  path: Assets/Photon/Fusion/Editor/NetworkProjectConfigImporterEditor.cs
  artifactKey: Guid(e94c67db235c29f4891980a488edca07) Importer(815301076,1909f56bfc062723c751e8b465ee728b)
Start importing Assets/Photon/Fusion/Editor/NetworkProjectConfigImporterEditor.cs using Guid(e94c67db235c29f4891980a488edca07) Importer(815301076,1909f56bfc062723c751e8b465ee728b)  -> (artifact id: 'dc83e135f96583850289a30a9c72d213') in 0.000593 seconds
Number of updated asset objects reloaded before import = 0
Number of asset objects unloaded after import = 0
========================================================================
Received Import Request.
  Time since last request: 0.789821 seconds.
  path: Assets/Photon/Fusion/Editor/FusionWeaverTriggerImporter.cs
  artifactKey: Guid(ad51894a651725c42acc54ccd6a81282) Importer(815301076,1909f56bfc062723c751e8b465ee728b)
Start importing Assets/Photon/Fusion/Editor/FusionWeaverTriggerImporter.cs using Guid(ad51894a651725c42acc54ccd6a81282) Importer(815301076,1909f56bfc062723c751e8b465ee728b)  -> (artifact id: '034eb8e04d775e406f4c23d20b66d55c') in 0.000639 seconds
Number of updated asset objects reloaded before import = 0
Number of asset objects unloaded after import = 0
========================================================================
Received Import Request.
  Time since last request: 0.428179 seconds.
  path: Assets/Photon/Fusion/Editor/FusionRunnerVisibilityControlsWindow.cs
  artifactKey: Guid(b0b9919e3f6641c4dbd365521e52c809) Importer(815301076,1909f56bfc062723c751e8b465ee728b)
Start importing Assets/Photon/Fusion/Editor/FusionRunnerVisibilityControlsWindow.cs using Guid(b0b9919e3f6641c4dbd365521e52c809) Importer(815301076,1909f56bfc062723c751e8b465ee728b)  -> (artifact id: 'b84e7c8413453f27952c3314af3c8f77') in 0.000634 seconds
Number of updated asset objects reloaded before import = 0
Number of asset objects unloaded after import = 0
========================================================================
Received Import Request.
  Time since last request: 1308.454777 seconds.
  path: Assets/Game/Code/Infrastructure/Boot
  artifactKey: Guid(61c7b18f0a30ce0439e85d655ba5eb48) Importer(815301076,1909f56bfc062723c751e8b465ee728b)
Start importing Assets/Game/Code/Infrastructure/Boot using Guid(61c7b18f0a30ce0439e85d655ba5eb48) Importer(815301076,1909f56bfc062723c751e8b465ee728b)  -> (artifact id: 'fb5dd73c307b60ada8a2e366ccad2e7d') in 0.001001 seconds
Number of updated asset objects reloaded before import = 0
Number of asset objects unloaded after import = 0
========================================================================
Received Import Request.
  Time since last request: 0.812334 seconds.
  path: Assets/Game/Code/Infrastructure/Boot/ProjectInstaller.cs
  artifactKey: Guid(f3ddba1f9f27acf4b94d3d0b6116cc7d) Importer(815301076,1909f56bfc062723c751e8b465ee728b)
Start importing Assets/Game/Code/Infrastructure/Boot/ProjectInstaller.cs using Guid(f3ddba1f9f27acf4b94d3d0b6116cc7d) Importer(815301076,1909f56bfc062723c751e8b465ee728b)  -> (artifact id: '83a1066b9d9a19c3c7fdb3bf643fe6d4') in 0.001642 seconds
Number of updated asset objects reloaded before import = 0
Number of asset objects unloaded after import = 0
========================================================================
Received Import Request.
  Time since last request: 37.972620 seconds.
  path: Assets/Game/Code/Infrastructure/SceneManaging
  artifactKey: Guid(e55d18ae79c14db59dd8ea005adc942c) Importer(815301076,1909f56bfc062723c751e8b465ee728b)
Start importing Assets/Game/Code/Infrastructure/SceneManaging using Guid(e55d18ae79c14db59dd8ea005adc942c) Importer(815301076,1909f56bfc062723c751e8b465ee728b)  -> (artifact id: 'd5d364364e47ccf7855d45011cbc8b94') in 0.000829 seconds
Number of updated asset objects reloaded before import = 0
Number of asset objects unloaded after import = 0
========================================================================
Received Import Request.
  Time since last request: 1.175573 seconds.
  path: Assets/Game/Code/Infrastructure/SceneManaging/SceneTransitionHandler.cs
  artifactKey: Guid(e63ef67e8852cf849afb89f194ce0f29) Importer(815301076,1909f56bfc062723c751e8b465ee728b)
Start importing Assets/Game/Code/Infrastructure/SceneManaging/SceneTransitionHandler.cs using Guid(e63ef67e8852cf849afb89f194ce0f29) Importer(815301076,1909f56bfc062723c751e8b465ee728b)  -> (artifact id: 'a96560646a87579b3ccd7e5828cf5af2') in 0.001003 seconds
Number of updated asset objects reloaded before import = 0
Number of asset objects unloaded after import = 0
========================================================================
Received Import Request.
  Time since last request: 465.336395 seconds.
  path: Assets/Game/Prefabs/Infrastructure/New Prefab.prefab
  artifactKey: Guid(3b189c03b8f95f148ba706c969affc87) Importer(815301076,1909f56bfc062723c751e8b465ee728b)
Start importing Assets/Game/Prefabs/Infrastructure/New Prefab.prefab using Guid(3b189c03b8f95f148ba706c969affc87) Importer(815301076,1909f56bfc062723c751e8b465ee728b)  -> (artifact id: '3c2778ecc0cf38fc17e66323c1891ce6') in 0.085378 seconds
Number of updated asset objects reloaded before import = 0
Number of asset objects unloaded after import = 4
========================================================================
Received Import Request.
  Time since last request: 9.981335 seconds.
  path: Assets/Game/Prefabs/Infrastructure/[Scene Transition Handler].prefab
  artifactKey: Guid(3b189c03b8f95f148ba706c969affc87) Importer(815301076,1909f56bfc062723c751e8b465ee728b)
Start importing Assets/Game/Prefabs/Infrastructure/[Scene Transition Handler].prefab using Guid(3b189c03b8f95f148ba706c969affc87) Importer(815301076,1909f56bfc062723c751e8b465ee728b)  -> (artifact id: '9c386062b30ba3a0c67d67311f07fa8e') in 0.002854 seconds
Number of updated asset objects reloaded before import = 0
Number of asset objects unloaded after import = 4
========================================================================
Received Import Request.
  Time since last request: 57.780924 seconds.
  path: Assets/Game/Prefabs/Infrastructure/[Scene Transition Handler].prefab
  artifactKey: Guid(3b189c03b8f95f148ba706c969affc87) Importer(815301076,1909f56bfc062723c751e8b465ee728b)
Start importing Assets/Game/Prefabs/Infrastructure/[Scene Transition Handler].prefab using Guid(3b189c03b8f95f148ba706c969affc87) Importer(815301076,1909f56bfc062723c751e8b465ee728b)  -> (artifact id: '35de619df231c3faa6dd1c744deb0352') in 0.006984 seconds
Number of updated asset objects reloaded before import = 0
Number of asset objects unloaded after import = 9
========================================================================
Received Import Request.
  Time since last request: 27.692247 seconds.
  path: Assets/Game/Prefabs/Infrastructure/[Coroutine Runner].prefab
  artifactKey: Guid(93df0a1724edaea469d0a2fac486a94b) Importer(815301076,1909f56bfc062723c751e8b465ee728b)
Start importing Assets/Game/Prefabs/Infrastructure/[Coroutine Runner].prefab using Guid(93df0a1724edaea469d0a2fac486a94b) Importer(815301076,1909f56bfc062723c751e8b465ee728b)  -> (artifact id: 'edef7ee3322001efe80ecfa37ce25580') in 0.003883 seconds
Number of updated asset objects reloaded before import = 0
Number of asset objects unloaded after import = 5
========================================================================
Received Import Request.
  Time since last request: 99.815121 seconds.
  path: Assets/Game/Prefabs/Infrastructure/[Project Installer].prefab
  artifactKey: Guid(bdb35993702b1034e951c9913a676dc0) Importer(815301076,1909f56bfc062723c751e8b465ee728b)
Start importing Assets/Game/Prefabs/Infrastructure/[Project Installer].prefab using Guid(bdb35993702b1034e951c9913a676dc0) Importer(815301076,1909f56bfc062723c751e8b465ee728b)  -> (artifact id: '542d107c28cf85ec3aefa8d70d5cb22c') in 0.010499 seconds
Number of updated asset objects reloaded before import = 0
Number of asset objects unloaded after import = 17
========================================================================
Received Import Request.
  Time since last request: 19.613132 seconds.
  path: Assets/Game/Prefabs/Infrastructure/[Network core].prefab
  artifactKey: Guid(7062844ba7dadcb4f95fd500d93d030f) Importer(815301076,1909f56bfc062723c751e8b465ee728b)
Start importing Assets/Game/Prefabs/Infrastructure/[Network core].prefab using Guid(7062844ba7dadcb4f95fd500d93d030f) Importer(815301076,1909f56bfc062723c751e8b465ee728b)  -> (artifact id: '8e787ba8e1762d5f69a8ea3188ab3637') in 0.002500 seconds
Number of updated asset objects reloaded before import = 0
Number of asset objects unloaded after import = 4
========================================================================
Received Import Request.
  Time since last request: 133.888111 seconds.
  path: Assets/Game/Scriptables
  artifactKey: Guid(8e345caf7f68e5d4aaa6a4743140351d) Importer(815301076,1909f56bfc062723c751e8b465ee728b)
Start importing Assets/Game/Scriptables using Guid(8e345caf7f68e5d4aaa6a4743140351d) Importer(815301076,1909f56bfc062723c751e8b465ee728b)  -> (artifact id: '633d717ca6ea618916b37946e49ab8c5') in 0.002070 seconds
Number of updated asset objects reloaded before import = 0
Number of asset objects unloaded after import = 0
========================================================================
Received Import Request.
  Time since last request: 92.080034 seconds.
  path: Assets/Game/Scriptables/VContainerSettings.asset
  artifactKey: Guid(33eaf013ad065be4f8197b9f84b03a22) Importer(815301076,1909f56bfc062723c751e8b465ee728b)
Start importing Assets/Game/Scriptables/VContainerSettings.asset using Guid(33eaf013ad065be4f8197b9f84b03a22) Importer(815301076,1909f56bfc062723c751e8b465ee728b)  -> (artifact id: '05311b52850a35fbf6b47b4ee9ba3ab1') in 0.002579 seconds
Number of updated asset objects reloaded before import = 0
Number of asset objects unloaded after import = 1
========================================================================
Received Prepare
Begin MonoManager ReloadAssembly
- Loaded All Assemblies, in  0.849 seconds
Refreshing native plugins compatible for Editor in 9.81 ms, found 3 plugins.
Native extension for WindowsStandalone target not found
[Package Manager] Server::EnsureServerProcessIsRunning -- launch failed, reason: Unity was launched with the -noUpm command-line argument
[Package Manager] UpmClient::Send -- Unable to send message (not connected to UPM process).
[Package Manager] Cannot connect to Unity Package Manager local server
Mono: successfully reloaded assembly
- Finished resetting the current domain, in  1.206 seconds
Domain Reload Profiling: 2053ms
	BeginReloadAssembly (250ms)
		ExecutionOrderSort (0ms)
		DisableScriptedObjects (9ms)
		BackupInstance (0ms)
		ReleaseScriptingObjects (0ms)
		CreateAndSetChildDomain (78ms)
	RebuildCommonClasses (44ms)
	RebuildNativeTypeToScriptingClass (14ms)
	initialDomainReloadingComplete (38ms)
	LoadAllAssembliesAndSetupDomain (500ms)
		LoadAssemblies (581ms)
		RebuildTransferFunctionScriptingTraits (0ms)
		AnalyzeDomain (38ms)
			TypeCache.Refresh (12ms)
				TypeCache.ScanAssembly (2ms)
			ScanForSourceGeneratedMonoScriptInfo (14ms)
			ResolveRequiredComponents (10ms)
	FinalizeReload (1206ms)
		ReleaseScriptCaches (0ms)
		RebuildScriptCaches (0ms)
		SetupLoadedEditorAssemblies (658ms)
			LogAssemblyErrors (0ms)
			InitializePlatformSupportModulesInManaged (6ms)
			SetLoadedEditorAssemblies (5ms)
			RefreshPlugins (0ms)
			BeforeProcessingInitializeOnLoad (89ms)
			ProcessInitializeOnLoadAttributes (507ms)
			ProcessInitializeOnLoadMethodAttributes (46ms)
			AfterProcessingInitializeOnLoad (3ms)
			EditorAssembliesLoaded (1ms)
		ExecutionOrderSort2 (0ms)
		AwakeInstancesAfterBackupRestoration (10ms)
Refreshing native plugins compatible for Editor in 15.69 ms, found 3 plugins.
Preloading 0 native plugins for Editor in 0.00 ms.
Unloading 2466 Unused Serialized files (Serialized files now loaded: 0)
Unloading 52 unused Assets / (74.7 KB). Loaded Objects now: 2966.
Memory consumption went from 104.7 MB to 104.6 MB.
Total: 5.555700 ms (FindLiveObjects: 0.286700 ms CreateObjectMapping: 0.349700 ms MarkObjects: 4.697100 ms  DeleteObjects: 0.212400 ms)

Prepare: number of updated asset objects reloaded= 0
AssetImportParameters requested are different than current active one (requested -> active):
  custom:video-decoder-webm-vp8: 9c59270c3fd7afecdb556c50c9e8de78 -> 
  custom:scripting/monoscript/fileName/Fusion.Unity.Editor.cs: ca18b06740607e46188de05c14ba653a -> 03567c4b15c45945dc15ab58a0be30e9
  custom:SearchIndexIgnoredProperties: e643bd26f0fe6173181afceb89e7c659 -> 
  custom:container-demuxer-ogg: 62fdf1f143b41e24485cea50d1cbac27 -> 
  custom:AudioImporter_EditorPlatform: d09bf68614088b80899f8185d706f6e7 -> 
  custom:video-decoder-ogg-theora: a1e56fd34408186e4bbccfd4996cb3dc -> 
  custom:framework-win-MediaFoundation: 216162199b28c13a410421893ffa2e32 -> 
  custom:video-encoder-webm-vp8: eb34c28f22e8b96e1ab97ce403110664 -> 
  custom:audio-decoder-ogg-vorbis: bf7c407c2cedff20999df2af8eb42d56 -> 
  custom:CustomObjectIndexerAttribute: 756ad292c208cfabdd7b50bc23989ffe -> 
  custom:container-demuxer-webm: 4f35f7cbe854078d1ac9338744f61a02 -> 
  custom:audio-encoder-webm-vorbis: bf7c407c2cedff20999df2af8eb42d56 -> 
  custom:container-muxer-webm: aa71ff27fc2769a1b78a27578f13a17b -> 
========================================================================
Received Prepare
Begin MonoManager ReloadAssembly
- Loaded All Assemblies, in  0.672 seconds
Refreshing native plugins compatible for Editor in 9.91 ms, found 3 plugins.
Native extension for WindowsStandalone target not found
[Package Manager] Server::EnsureServerProcessIsRunning -- launch failed, reason: Unity was launched with the -noUpm command-line argument
[Package Manager] UpmClient::Send -- Unable to send message (not connected to UPM process).
[Package Manager] Cannot connect to Unity Package Manager local server
Mono: successfully reloaded assembly
- Finished resetting the current domain, in  0.949 seconds
Domain Reload Profiling: 1620ms
	BeginReloadAssembly (188ms)
		ExecutionOrderSort (0ms)
		DisableScriptedObjects (6ms)
		BackupInstance (0ms)
		ReleaseScriptingObjects (0ms)
		CreateAndSetChildDomain (45ms)
	RebuildCommonClasses (53ms)
	RebuildNativeTypeToScriptingClass (17ms)
	initialDomainReloadingComplete (49ms)
	LoadAllAssembliesAndSetupDomain (362ms)
		LoadAssemblies (433ms)
		RebuildTransferFunctionScriptingTraits (0ms)
		AnalyzeDomain (32ms)
			TypeCache.Refresh (10ms)
				TypeCache.ScanAssembly (1ms)
			ScanForSourceGeneratedMonoScriptInfo (11ms)
			ResolveRequiredComponents (9ms)
	FinalizeReload (950ms)
		ReleaseScriptCaches (0ms)
		RebuildScriptCaches (0ms)
		SetupLoadedEditorAssemblies (570ms)
			LogAssemblyErrors (0ms)
			InitializePlatformSupportModulesInManaged (5ms)
			SetLoadedEditorAssemblies (5ms)
			RefreshPlugins (0ms)
			BeforeProcessingInitializeOnLoad (62ms)
			ProcessInitializeOnLoadAttributes (462ms)
			ProcessInitializeOnLoadMethodAttributes (33ms)
			AfterProcessingInitializeOnLoad (3ms)
			EditorAssembliesLoaded (0ms)
		ExecutionOrderSort2 (0ms)
		AwakeInstancesAfterBackupRestoration (9ms)
Refreshing native plugins compatible for Editor in 8.29 ms, found 3 plugins.
Preloading 0 native plugins for Editor in 0.00 ms.
Unloading 2467 Unused Serialized files (Serialized files now loaded: 0)
Unloading 52 unused Assets / (74.8 KB). Loaded Objects now: 2969.
Memory consumption went from 104.9 MB to 104.8 MB.
Total: 3.820200 ms (FindLiveObjects: 0.231900 ms CreateObjectMapping: 0.131300 ms MarkObjects: 3.287800 ms  DeleteObjects: 0.168300 ms)

Prepare: number of updated asset objects reloaded= 0
AssetImportParameters requested are different than current active one (requested -> active):
  custom:video-decoder-webm-vp8: 9c59270c3fd7afecdb556c50c9e8de78 -> 
  custom:scripting/monoscript/fileName/Fusion.Unity.Editor.cs: ca18b06740607e46188de05c14ba653a -> 03567c4b15c45945dc15ab58a0be30e9
  custom:SearchIndexIgnoredProperties: e643bd26f0fe6173181afceb89e7c659 -> 
  custom:container-demuxer-ogg: 62fdf1f143b41e24485cea50d1cbac27 -> 
  custom:AudioImporter_EditorPlatform: d09bf68614088b80899f8185d706f6e7 -> 
  custom:video-decoder-ogg-theora: a1e56fd34408186e4bbccfd4996cb3dc -> 
  custom:framework-win-MediaFoundation: 216162199b28c13a410421893ffa2e32 -> 
  custom:video-encoder-webm-vp8: eb34c28f22e8b96e1ab97ce403110664 -> 
  custom:audio-decoder-ogg-vorbis: bf7c407c2cedff20999df2af8eb42d56 -> 
  custom:CustomObjectIndexerAttribute: 756ad292c208cfabdd7b50bc23989ffe -> 
  custom:container-demuxer-webm: 4f35f7cbe854078d1ac9338744f61a02 -> 
  custom:audio-encoder-webm-vorbis: bf7c407c2cedff20999df2af8eb42d56 -> 
  custom:container-muxer-webm: aa71ff27fc2769a1b78a27578f13a17b -> 
========================================================================
Received Prepare
Begin MonoManager ReloadAssembly
- Loaded All Assemblies, in  0.642 seconds
Refreshing native plugins compatible for Editor in 8.28 ms, found 3 plugins.
Native extension for WindowsStandalone target not found
[Package Manager] Server::EnsureServerProcessIsRunning -- launch failed, reason: Unity was launched with the -noUpm command-line argument
[Package Manager] UpmClient::Send -- Unable to send message (not connected to UPM process).
[Package Manager] Cannot connect to Unity Package Manager local server
Mono: successfully reloaded assembly
- Finished resetting the current domain, in  1.014 seconds
Domain Reload Profiling: 1654ms
	BeginReloadAssembly (191ms)
		ExecutionOrderSort (0ms)
		DisableScriptedObjects (6ms)
		BackupInstance (0ms)
		ReleaseScriptingObjects (0ms)
		CreateAndSetChildDomain (43ms)
	RebuildCommonClasses (48ms)
	RebuildNativeTypeToScriptingClass (18ms)
	initialDomainReloadingComplete (44ms)
	LoadAllAssembliesAndSetupDomain (338ms)
		LoadAssemblies (415ms)
		RebuildTransferFunctionScriptingTraits (0ms)
		AnalyzeDomain (32ms)
			TypeCache.Refresh (11ms)
				TypeCache.ScanAssembly (1ms)
			ScanForSourceGeneratedMonoScriptInfo (12ms)
			ResolveRequiredComponents (9ms)
	FinalizeReload (1014ms)
		ReleaseScriptCaches (0ms)
		RebuildScriptCaches (0ms)
		SetupLoadedEditorAssemblies (581ms)
			LogAssemblyErrors (0ms)
			InitializePlatformSupportModulesInManaged (5ms)
			SetLoadedEditorAssemblies (5ms)
			RefreshPlugins (0ms)
			BeforeProcessingInitializeOnLoad (61ms)
			ProcessInitializeOnLoadAttributes (426ms)
			ProcessInitializeOnLoadMethodAttributes (77ms)
			AfterProcessingInitializeOnLoad (6ms)
			EditorAssembliesLoaded (1ms)
		ExecutionOrderSort2 (0ms)
		AwakeInstancesAfterBackupRestoration (34ms)
Refreshing native plugins compatible for Editor in 9.37 ms, found 3 plugins.
Preloading 0 native plugins for Editor in 0.00 ms.
Unloading 2467 Unused Serialized files (Serialized files now loaded: 0)
Unloading 52 unused Assets / (75.0 KB). Loaded Objects now: 2972.
Memory consumption went from 104.9 MB to 104.8 MB.
Total: 3.804400 ms (FindLiveObjects: 0.234400 ms CreateObjectMapping: 0.152400 ms MarkObjects: 3.263800 ms  DeleteObjects: 0.152800 ms)

Prepare: number of updated asset objects reloaded= 0
AssetImportParameters requested are different than current active one (requested -> active):
  custom:video-decoder-webm-vp8: 9c59270c3fd7afecdb556c50c9e8de78 -> 
  custom:scripting/monoscript/fileName/Fusion.Unity.Editor.cs: ca18b06740607e46188de05c14ba653a -> 03567c4b15c45945dc15ab58a0be30e9
  custom:SearchIndexIgnoredProperties: e643bd26f0fe6173181afceb89e7c659 -> 
  custom:container-demuxer-ogg: 62fdf1f143b41e24485cea50d1cbac27 -> 
  custom:AudioImporter_EditorPlatform: d09bf68614088b80899f8185d706f6e7 -> 
  custom:video-decoder-ogg-theora: a1e56fd34408186e4bbccfd4996cb3dc -> 
  custom:framework-win-MediaFoundation: 216162199b28c13a410421893ffa2e32 -> 
  custom:video-encoder-webm-vp8: eb34c28f22e8b96e1ab97ce403110664 -> 
  custom:audio-decoder-ogg-vorbis: bf7c407c2cedff20999df2af8eb42d56 -> 
  custom:CustomObjectIndexerAttribute: 756ad292c208cfabdd7b50bc23989ffe -> 
  custom:container-demuxer-webm: 4f35f7cbe854078d1ac9338744f61a02 -> 
  custom:audio-encoder-webm-vorbis: bf7c407c2cedff20999df2af8eb42d56 -> 
  custom:container-muxer-webm: aa71ff27fc2769a1b78a27578f13a17b -> 
========================================================================
Received Import Request.
  Time since last request: 1407.001259 seconds.
  path: Assets/Game/Scriptables/VContainerSettings.asset
  artifactKey: Guid(33eaf013ad065be4f8197b9f84b03a22) Importer(815301076,1909f56bfc062723c751e8b465ee728b)
Start importing Assets/Game/Scriptables/VContainerSettings.asset using Guid(33eaf013ad065be4f8197b9f84b03a22) Importer(815301076,1909f56bfc062723c751e8b465ee728b)  -> (artifact id: '47b23856183fcd27dbed63506f029b41') in 0.020612 seconds
Number of updated asset objects reloaded before import = 0
Number of asset objects unloaded after import = 17
========================================================================
Received Prepare
Begin MonoManager ReloadAssembly
- Loaded All Assemblies, in  0.588 seconds
Refreshing native plugins compatible for Editor in 8.56 ms, found 3 plugins.
Native extension for WindowsStandalone target not found
[Package Manager] Server::EnsureServerProcessIsRunning -- launch failed, reason: Unity was launched with the -noUpm command-line argument
[Package Manager] UpmClient::Send -- Unable to send message (not connected to UPM process).
[Package Manager] Cannot connect to Unity Package Manager local server
Mono: successfully reloaded assembly
- Finished resetting the current domain, in  1.201 seconds
Domain Reload Profiling: 1787ms
	BeginReloadAssembly (176ms)
		ExecutionOrderSort (0ms)
		DisableScriptedObjects (6ms)
		BackupInstance (0ms)
		ReleaseScriptingObjects (0ms)
		CreateAndSetChildDomain (45ms)
	RebuildCommonClasses (40ms)
	RebuildNativeTypeToScriptingClass (14ms)
	initialDomainReloadingComplete (35ms)
	LoadAllAssembliesAndSetupDomain (321ms)
		LoadAssemblies (395ms)
		RebuildTransferFunctionScriptingTraits (0ms)
		AnalyzeDomain (16ms)
			TypeCache.Refresh (6ms)
				TypeCache.ScanAssembly (0ms)
			ScanForSourceGeneratedMonoScriptInfo (0ms)
			ResolveRequiredComponents (9ms)
	FinalizeReload (1201ms)
		ReleaseScriptCaches (0ms)
		RebuildScriptCaches (0ms)
		SetupLoadedEditorAssemblies (813ms)
			LogAssemblyErrors (0ms)
			InitializePlatformSupportModulesInManaged (7ms)
			SetLoadedEditorAssemblies (7ms)
			RefreshPlugins (0ms)
			BeforeProcessingInitializeOnLoad (70ms)
			ProcessInitializeOnLoadAttributes (682ms)
			ProcessInitializeOnLoadMethodAttributes (42ms)
			AfterProcessingInitializeOnLoad (4ms)
			EditorAssembliesLoaded (1ms)
		ExecutionOrderSort2 (0ms)
		AwakeInstancesAfterBackupRestoration (11ms)
Refreshing native plugins compatible for Editor in 13.90 ms, found 3 plugins.
Preloading 0 native plugins for Editor in 0.01 ms.
Unloading 2479 Unused Serialized files (Serialized files now loaded: 0)
Unloading 65 unused Assets / (0.8 MB). Loaded Objects now: 2975.
Memory consumption went from 108.5 MB to 107.8 MB.
Total: 6.508400 ms (FindLiveObjects: 0.310400 ms CreateObjectMapping: 0.176800 ms MarkObjects: 5.351700 ms  DeleteObjects: 0.667900 ms)

Prepare: number of updated asset objects reloaded= 0
AssetImportParameters requested are different than current active one (requested -> active):
  custom:video-decoder-webm-vp8: 9c59270c3fd7afecdb556c50c9e8de78 -> 
  custom:scripting/monoscript/fileName/Fusion.Unity.Editor.cs: ca18b06740607e46188de05c14ba653a -> 03567c4b15c45945dc15ab58a0be30e9
  custom:SearchIndexIgnoredProperties: e643bd26f0fe6173181afceb89e7c659 -> 
  custom:container-demuxer-ogg: 62fdf1f143b41e24485cea50d1cbac27 -> 
  custom:AudioImporter_EditorPlatform: d09bf68614088b80899f8185d706f6e7 -> 
  custom:video-decoder-ogg-theora: a1e56fd34408186e4bbccfd4996cb3dc -> 
  custom:framework-win-MediaFoundation: 216162199b28c13a410421893ffa2e32 -> 
  custom:video-encoder-webm-vp8: eb34c28f22e8b96e1ab97ce403110664 -> 
  custom:audio-decoder-ogg-vorbis: bf7c407c2cedff20999df2af8eb42d56 -> 
  custom:CustomObjectIndexerAttribute: 756ad292c208cfabdd7b50bc23989ffe -> 
  custom:container-demuxer-webm: 4f35f7cbe854078d1ac9338744f61a02 -> 
  custom:audio-encoder-webm-vorbis: bf7c407c2cedff20999df2af8eb42d56 -> 
  custom:container-muxer-webm: aa71ff27fc2769a1b78a27578f13a17b -> 
========================================================================
Received Import Request.
  Time since last request: 53857.114502 seconds.
  path: Assets/AddressableAssetsData/BuildScriptPacked.asset
  artifactKey: Guid(f8b4015bc23f68247a51b76457952715) Importer(815301076,1909f56bfc062723c751e8b465ee728b)
Start importing Assets/AddressableAssetsData/BuildScriptPacked.asset using Guid(f8b4015bc23f68247a51b76457952715) Importer(815301076,1909f56bfc062723c751e8b465ee728b)  -> (artifact id: 'fcbac7c5d53bdbac3f6f170c08726b47') in 0.361121 seconds
Number of updated asset objects reloaded before import = 0
Number of asset objects unloaded after import = 1
========================================================================
Received Import Request.
  Time since last request: 23.782338 seconds.
  path: Assets/AddressableAssetsData/CacheInitializationSettings.asset
  artifactKey: Guid(f358c31382ba6fc4281200e505e39f12) Importer(815301076,1909f56bfc062723c751e8b465ee728b)
Start importing Assets/AddressableAssetsData/CacheInitializationSettings.asset using Guid(f358c31382ba6fc4281200e505e39f12) Importer(815301076,1909f56bfc062723c751e8b465ee728b)  -> (artifact id: '5abc361e43aa7454d8e4ae79aeceef22') in 0.003811 seconds
Number of updated asset objects reloaded before import = 0
Number of asset objects unloaded after import = 1
========================================================================
Received Import Request.
  Time since last request: 11.207700 seconds.
  path: Assets/AddressableAssetsData
  artifactKey: Guid(86f9623308f1b2947b6e2cd4218d2ef7) Importer(815301076,1909f56bfc062723c751e8b465ee728b)
Start importing Assets/AddressableAssetsData using Guid(86f9623308f1b2947b6e2cd4218d2ef7) Importer(815301076,1909f56bfc062723c751e8b465ee728b)  -> (artifact id: 'ef619021cd9fae1c294eb3860296a112') in 0.000801 seconds
Number of updated asset objects reloaded before import = 0
Number of asset objects unloaded after import = 0
========================================================================
Received Import Request.
  Time since last request: 35.852756 seconds.
  path: Assets/AddressableAssetsData/BuildScriptPackedPlayMode.asset
  artifactKey: Guid(605a4191264f1a14c8000c7215329c5e) Importer(815301076,1909f56bfc062723c751e8b465ee728b)
Start importing Assets/AddressableAssetsData/BuildScriptPackedPlayMode.asset using Guid(605a4191264f1a14c8000c7215329c5e) Importer(815301076,1909f56bfc062723c751e8b465ee728b)  -> (artifact id: 'b2fe9755cdaff3695335b4525bc34673') in 0.001710 seconds
Number of updated asset objects reloaded before import = 0
Number of asset objects unloaded after import = 1
========================================================================
Received Import Request.
  Time since last request: 114.306808 seconds.
  path: Assets/AddressableAssetsData/AddressableAssetSettings.asset
  artifactKey: Guid(d8fea791925ca994b9de9154663b03c6) Importer(815301076,1909f56bfc062723c751e8b465ee728b)
Start importing Assets/AddressableAssetsData/AddressableAssetSettings.asset using Guid(d8fea791925ca994b9de9154663b03c6) Importer(815301076,1909f56bfc062723c751e8b465ee728b)  -> (artifact id: 'e15fefb27bce4e63e7ec84500632f31c') in 0.131715 seconds
Number of updated asset objects reloaded before import = 0
Number of asset objects unloaded after import = 13
========================================================================
Received Import Request.
  Time since last request: 0.000024 seconds.
  path: Assets/AddressableAssetsData/DefaultObject.asset
  artifactKey: Guid(b0ff198d71277d44c8f11d321cbffb8b) Importer(815301076,1909f56bfc062723c751e8b465ee728b)
Start importing Assets/AddressableAssetsData/DefaultObject.asset using Guid(b0ff198d71277d44c8f11d321cbffb8b) Importer(815301076,1909f56bfc062723c751e8b465ee728b)  -> (artifact id: '078c38d7b9dc9c445b1a80c8f5c3b99b') in 0.001906 seconds
Number of updated asset objects reloaded before import = 0
Number of asset objects unloaded after import = 1
========================================================================
Received Prepare
Begin MonoManager ReloadAssembly
- Loaded All Assemblies, in  0.883 seconds
Refreshing native plugins compatible for Editor in 9.45 ms, found 3 plugins.
Native extension for WindowsStandalone target not found
[Package Manager] Server::EnsureServerProcessIsRunning -- launch failed, reason: Unity was launched with the -noUpm command-line argument
[Package Manager] UpmClient::Send -- Unable to send message (not connected to UPM process).
[Package Manager] Cannot connect to Unity Package Manager local server
Mono: successfully reloaded assembly
- Finished resetting the current domain, in  1.789 seconds
Domain Reload Profiling: 2672ms
	BeginReloadAssembly (248ms)
		ExecutionOrderSort (0ms)
		DisableScriptedObjects (8ms)
		BackupInstance (0ms)
		ReleaseScriptingObjects (0ms)
		CreateAndSetChildDomain (84ms)
	RebuildCommonClasses (44ms)
	RebuildNativeTypeToScriptingClass (19ms)
	initialDomainReloadingComplete (40ms)
	LoadAllAssembliesAndSetupDomain (531ms)
		LoadAssemblies (629ms)
		RebuildTransferFunctionScriptingTraits (0ms)
		AnalyzeDomain (18ms)
			TypeCache.Refresh (7ms)
				TypeCache.ScanAssembly (0ms)
			ScanForSourceGeneratedMonoScriptInfo (0ms)
			ResolveRequiredComponents (10ms)
	FinalizeReload (1790ms)
		ReleaseScriptCaches (0ms)
		RebuildScriptCaches (0ms)
		SetupLoadedEditorAssemblies (693ms)
			LogAssemblyErrors (0ms)
			InitializePlatformSupportModulesInManaged (10ms)
			SetLoadedEditorAssemblies (7ms)
			RefreshPlugins (0ms)
			BeforeProcessingInitializeOnLoad (91ms)
			ProcessInitializeOnLoadAttributes (539ms)
			ProcessInitializeOnLoadMethodAttributes (42ms)
			AfterProcessingInitializeOnLoad (3ms)
			EditorAssembliesLoaded (0ms)
		ExecutionOrderSort2 (0ms)
		AwakeInstancesAfterBackupRestoration (9ms)
Refreshing native plugins compatible for Editor in 8.62 ms, found 3 plugins.
Preloading 0 native plugins for Editor in 0.00 ms.
Unloading 2479 Unused Serialized files (Serialized files now loaded: 0)
Unloading 65 unused Assets / (0.8 MB). Loaded Objects now: 2978.
Memory consumption went from 108.5 MB to 107.8 MB.
Total: 4.831200 ms (FindLiveObjects: 0.263700 ms CreateObjectMapping: 0.138800 ms MarkObjects: 3.917400 ms  DeleteObjects: 0.510200 ms)

Prepare: number of updated asset objects reloaded= 0
AssetImportParameters requested are different than current active one (requested -> active):
  custom:video-decoder-webm-vp8: 9c59270c3fd7afecdb556c50c9e8de78 -> 
  custom:scripting/monoscript/fileName/Fusion.Unity.Editor.cs: ca18b06740607e46188de05c14ba653a -> 03567c4b15c45945dc15ab58a0be30e9
  custom:SearchIndexIgnoredProperties: e643bd26f0fe6173181afceb89e7c659 -> 
  custom:container-demuxer-ogg: 62fdf1f143b41e24485cea50d1cbac27 -> 
  custom:AudioImporter_EditorPlatform: d09bf68614088b80899f8185d706f6e7 -> 
  custom:video-decoder-ogg-theora: a1e56fd34408186e4bbccfd4996cb3dc -> 
  custom:framework-win-MediaFoundation: 216162199b28c13a410421893ffa2e32 -> 
  custom:video-encoder-webm-vp8: eb34c28f22e8b96e1ab97ce403110664 -> 
  custom:audio-decoder-ogg-vorbis: bf7c407c2cedff20999df2af8eb42d56 -> 
  custom:CustomObjectIndexerAttribute: 756ad292c208cfabdd7b50bc23989ffe -> 
  custom:container-demuxer-webm: 4f35f7cbe854078d1ac9338744f61a02 -> 
  custom:audio-encoder-webm-vorbis: bf7c407c2cedff20999df2af8eb42d56 -> 
  custom:container-muxer-webm: aa71ff27fc2769a1b78a27578f13a17b -> 
========================================================================
Received Import Request.
  Time since last request: 11.346815 seconds.
  path: Assets/AddressableAssetsData/DataBuilders
  artifactKey: Guid(c85c21930fbfebc46a0dd5be5c5fe710) Importer(815301076,1909f56bfc062723c751e8b465ee728b)
Start importing Assets/AddressableAssetsData/DataBuilders using Guid(c85c21930fbfebc46a0dd5be5c5fe710) Importer(815301076,1909f56bfc062723c751e8b465ee728b)  -> (artifact id: '0aff5c2fc63b39d5ff3d52f346c374c3') in 0.002506 seconds
Number of updated asset objects reloaded before import = 0
Number of asset objects unloaded after import = 0
========================================================================
Received Import Request.
  Time since last request: 0.117200 seconds.
  path: Assets/AddressableAssetsData/DataBuilders/BuildScriptFastMode.asset
  artifactKey: Guid(6bc19694f727c3a448afb660c8bb5503) Importer(815301076,1909f56bfc062723c751e8b465ee728b)
Start importing Assets/AddressableAssetsData/DataBuilders/BuildScriptFastMode.asset using Guid(6bc19694f727c3a448afb660c8bb5503) Importer(815301076,1909f56bfc062723c751e8b465ee728b)  -> (artifact id: 'c61fb2255783c03fbf14c672f969510f') in 0.019062 seconds
Number of updated asset objects reloaded before import = 0
Number of asset objects unloaded after import = 1
========================================================================
Received Import Request.
  Time since last request: 0.000050 seconds.
  path: Assets/AddressableAssetsData/DataBuilders/BuildScriptPackedPlayMode.asset
  artifactKey: Guid(f017f000704bd6f48a16e035a4e5dff6) Importer(815301076,1909f56bfc062723c751e8b465ee728b)
Start importing Assets/AddressableAssetsData/DataBuilders/BuildScriptPackedPlayMode.asset using Guid(f017f000704bd6f48a16e035a4e5dff6) Importer(815301076,1909f56bfc062723c751e8b465ee728b)  -> (artifact id: '2cab549de2f602bac69857e2406e6322') in 0.001757 seconds
Number of updated asset objects reloaded before import = 0
Number of asset objects unloaded after import = 1
========================================================================
Received Import Request.
  Time since last request: 0.000080 seconds.
  path: Assets/AddressableAssetsData/DataBuilders/BuildScriptVirtualMode.asset
  artifactKey: Guid(c5e3d8715f8070a49a769e4e50cf66ef) Importer(815301076,1909f56bfc062723c751e8b465ee728b)
Start importing Assets/AddressableAssetsData/DataBuilders/BuildScriptVirtualMode.asset using Guid(c5e3d8715f8070a49a769e4e50cf66ef) Importer(815301076,1909f56bfc062723c751e8b465ee728b)  -> (artifact id: '3e79959ab12c05ce88f16796cf92e250') in 0.001913 seconds
Number of updated asset objects reloaded before import = 0
Number of asset objects unloaded after import = 1
========================================================================
Received Import Request.
  Time since last request: 0.000088 seconds.
  path: Assets/AddressableAssetsData/DataBuilders/BuildScriptPackedMode.asset
  artifactKey: Guid(2f3565001770e44448b4c7a649b79b84) Importer(815301076,1909f56bfc062723c751e8b465ee728b)
Start importing Assets/AddressableAssetsData/DataBuilders/BuildScriptPackedMode.asset using Guid(2f3565001770e44448b4c7a649b79b84) Importer(815301076,1909f56bfc062723c751e8b465ee728b)  -> (artifact id: 'a23025fc17eaefadc1f7b97d84b1dacd') in 0.001823 seconds
Number of updated asset objects reloaded before import = 0
Number of asset objects unloaded after import = 1
========================================================================
Received Import Request.
  Time since last request: 4.263302 seconds.
  path: Assets/AddressableAssetsData/AssetGroups/Built In Data.asset
  artifactKey: Guid(7f1145009901736449551fa625653bad) Importer(815301076,1909f56bfc062723c751e8b465ee728b)
Start importing Assets/AddressableAssetsData/AssetGroups/Built In Data.asset using Guid(7f1145009901736449551fa625653bad) Importer(815301076,1909f56bfc062723c751e8b465ee728b)  -> (artifact id: '2342e49b0389aa9801ea7dae7540a325') in 0.067756 seconds
Number of updated asset objects reloaded before import = 0
Number of asset objects unloaded after import = 13
========================================================================
Received Import Request.
  Time since last request: 0.000018 seconds.
  path: Assets/AddressableAssetsData/AssetGroups/Default Local Group.asset
  artifactKey: Guid(acaab5b602525c948982eaf458687aff) Importer(815301076,1909f56bfc062723c751e8b465ee728b)
Start importing Assets/AddressableAssetsData/AssetGroups/Default Local Group.asset using Guid(acaab5b602525c948982eaf458687aff) Importer(815301076,1909f56bfc062723c751e8b465ee728b)  -> (artifact id: 'eb6114fd2df516afbd2956b473c05ac0') in 0.017523 seconds
Number of updated asset objects reloaded before import = 0
Number of asset objects unloaded after import = 13
========================================================================
Received Import Request.
  Time since last request: 8.050084 seconds.
  path: Packages/com.unity.addressables/Editor/Unity.Addressables.Editor.asmdef
  artifactKey: Guid(69448af7b92c7f342b298e06a37122aa) Importer(815301076,1909f56bfc062723c751e8b465ee728b)
Start importing Packages/com.unity.addressables/Editor/Unity.Addressables.Editor.asmdef using Guid(69448af7b92c7f342b298e06a37122aa) Importer(815301076,1909f56bfc062723c751e8b465ee728b)  -> (artifact id: '064b6f2f4986c100b2b20127402b27a4') in 0.001222 seconds
Number of updated asset objects reloaded before import = 0
Number of asset objects unloaded after import = 0
========================================================================
Received Prepare
Refreshing native plugins compatible for Editor in 10.11 ms, found 3 plugins.
Preloading 0 native plugins for Editor in 0.00 ms.
Unloading 25 Unused Serialized files (Serialized files now loaded: 0)
Unloading 15 unused Assets / (0.7 MB). Loaded Objects now: 2989.
Memory consumption went from 70.3 MB to 69.5 MB.
Total: 5.909100 ms (FindLiveObjects: 0.286300 ms CreateObjectMapping: 0.138800 ms MarkObjects: 4.695900 ms  DeleteObjects: 0.786700 ms)

Prepare: number of updated asset objects reloaded= 0
AssetImportParameters requested are different than current active one (requested -> active):
  custom:video-decoder-webm-vp8: 9c59270c3fd7afecdb556c50c9e8de78 -> 
  custom:scripting/monoscript/fileName/Fusion.Unity.Editor.cs: ca18b06740607e46188de05c14ba653a -> 03567c4b15c45945dc15ab58a0be30e9
  custom:SearchIndexIgnoredProperties: e643bd26f0fe6173181afceb89e7c659 -> 
  custom:container-demuxer-ogg: 62fdf1f143b41e24485cea50d1cbac27 -> 
  custom:AudioImporter_EditorPlatform: d09bf68614088b80899f8185d706f6e7 -> 
  custom:video-decoder-ogg-theora: a1e56fd34408186e4bbccfd4996cb3dc -> 
  custom:framework-win-MediaFoundation: 216162199b28c13a410421893ffa2e32 -> 
  custom:video-encoder-webm-vp8: eb34c28f22e8b96e1ab97ce403110664 -> 
  custom:audio-decoder-ogg-vorbis: bf7c407c2cedff20999df2af8eb42d56 -> 
  custom:CustomObjectIndexerAttribute: 756ad292c208cfabdd7b50bc23989ffe -> 
  custom:Fusion.PrefabsDependency: babcbb2a7aad79da5b858cdf7c470da2 -> 
  custom:container-demuxer-webm: 4f35f7cbe854078d1ac9338744f61a02 -> 
  custom:audio-encoder-webm-vorbis: bf7c407c2cedff20999df2af8eb42d56 -> 
  custom:container-muxer-webm: aa71ff27fc2769a1b78a27578f13a17b -> 
========================================================================
Received Prepare
Refreshing native plugins compatible for Editor in 8.82 ms, found 3 plugins.
Preloading 0 native plugins for Editor in 0.00 ms.
Unloading 15 Unused Serialized files (Serialized files now loaded: 0)
Unloading 15 unused Assets / (0.7 MB). Loaded Objects now: 2989.
Memory consumption went from 70.4 MB to 69.6 MB.
Total: 4.370800 ms (FindLiveObjects: 0.245800 ms CreateObjectMapping: 0.158500 ms MarkObjects: 3.555200 ms  DeleteObjects: 0.410400 ms)

Prepare: number of updated asset objects reloaded= 0
AssetImportParameters requested are different than current active one (requested -> active):
  custom:video-decoder-webm-vp8: 9c59270c3fd7afecdb556c50c9e8de78 -> 
  custom:scripting/monoscript/fileName/Fusion.Unity.Editor.cs: ca18b06740607e46188de05c14ba653a -> 03567c4b15c45945dc15ab58a0be30e9
  custom:SearchIndexIgnoredProperties: e643bd26f0fe6173181afceb89e7c659 -> 
  custom:container-demuxer-ogg: 62fdf1f143b41e24485cea50d1cbac27 -> 
  custom:AudioImporter_EditorPlatform: d09bf68614088b80899f8185d706f6e7 -> 
  custom:video-decoder-ogg-theora: a1e56fd34408186e4bbccfd4996cb3dc -> 
  custom:framework-win-MediaFoundation: 216162199b28c13a410421893ffa2e32 -> 
  custom:video-encoder-webm-vp8: eb34c28f22e8b96e1ab97ce403110664 -> 
  custom:audio-decoder-ogg-vorbis: bf7c407c2cedff20999df2af8eb42d56 -> 
  custom:CustomObjectIndexerAttribute: 756ad292c208cfabdd7b50bc23989ffe -> 
  custom:Fusion.PrefabsDependency: babcbb2a7aad79da5b858cdf7c470da2 -> 
  custom:container-demuxer-webm: 4f35f7cbe854078d1ac9338744f61a02 -> 
  custom:FusionILWeaverTriggerImporter/ConfigHash: b0b173a93bb19085723cb3d421b3a13b -> 
  custom:audio-encoder-webm-vorbis: bf7c407c2cedff20999df2af8eb42d56 -> 
  custom:container-muxer-webm: aa71ff27fc2769a1b78a27578f13a17b -> 
========================================================================
Received Import Request.
  Time since last request: 1574.758906 seconds.
  path: Packages/com.unity.addressables/Editor/AddressableAssetSettingsDefaultObject.cs
  artifactKey: Guid(3a189bb168d8d90478a09ea08c2f3d72) Importer(815301076,1909f56bfc062723c751e8b465ee728b)
Start importing Packages/com.unity.addressables/Editor/AddressableAssetSettingsDefaultObject.cs using Guid(3a189bb168d8d90478a09ea08c2f3d72) Importer(815301076,1909f56bfc062723c751e8b465ee728b)  -> (artifact id: '8ab6ca7dfda40f88b0cd061b50503c54') in 0.001603 seconds
Number of updated asset objects reloaded before import = 0
Number of asset objects unloaded after import = 0
========================================================================
Received Import Request.
  Time since last request: 1.165651 seconds.
  path: Packages/com.unity.addressables/Editor/AddressableEditorInitialization.cs
  artifactKey: Guid(bf8251aa3d694f2459ee1fbb73cf9123) Importer(815301076,1909f56bfc062723c751e8b465ee728b)
Start importing Packages/com.unity.addressables/Editor/AddressableEditorInitialization.cs using Guid(bf8251aa3d694f2459ee1fbb73cf9123) Importer(815301076,1909f56bfc062723c751e8b465ee728b)  -> (artifact id: '9f5cf180c1b1b3333a0d12614907fd74') in 0.000628 seconds
Number of updated asset objects reloaded before import = 0
Number of asset objects unloaded after import = 0
========================================================================
Received Import Request.
  Time since last request: 236.632140 seconds.
  path: Packages/jp.hadashikick.vcontainer/package.json
  artifactKey: Guid(0ec4861db50774d2c92fb7b73afa846f) Importer(815301076,1909f56bfc062723c751e8b465ee728b)
Start importing Packages/jp.hadashikick.vcontainer/package.json using Guid(0ec4861db50774d2c92fb7b73afa846f) Importer(815301076,1909f56bfc062723c751e8b465ee728b)  -> (artifact id: '52ccf38bbe2c617b00727890ed52d76b') in 0.002157 seconds
Number of updated asset objects reloaded before import = 0
Number of asset objects unloaded after import = 1
========================================================================
Received Import Request.
  Time since last request: 1.910409 seconds.
  path: Packages/jp.hadashikick.vcontainer/Runtime
  artifactKey: Guid(652e91fc271c04624b08f658dc62397e) Importer(815301076,1909f56bfc062723c751e8b465ee728b)
Start importing Packages/jp.hadashikick.vcontainer/Runtime using Guid(652e91fc271c04624b08f658dc62397e) Importer(815301076,1909f56bfc062723c751e8b465ee728b)  -> (artifact id: '389f8ebc2b2a646c9898f55eea2b9603') in 0.000569 seconds
Number of updated asset objects reloaded before import = 0
Number of asset objects unloaded after import = 0
========================================================================
Received Import Request.
  Time since last request: 0.122723 seconds.
  path: Packages/jp.hadashikick.vcontainer/Runtime/VContainer.asmdef
  artifactKey: Guid(b0214a6008ed146ff8f122a6a9c2f6cc) Importer(815301076,1909f56bfc062723c751e8b465ee728b)
Start importing Packages/jp.hadashikick.vcontainer/Runtime/VContainer.asmdef using Guid(b0214a6008ed146ff8f122a6a9c2f6cc) Importer(815301076,1909f56bfc062723c751e8b465ee728b)  -> (artifact id: '0efea2f9a95fb63ef1c10296b840aeab') in 0.000914 seconds
Number of updated asset objects reloaded before import = 0
Number of asset objects unloaded after import = 0
========================================================================
Received Import Request.
  Time since last request: 4.977313 seconds.
  path: Packages/jp.hadashikick.vcontainer/Editor
  artifactKey: Guid(08f5f24dc5b90493d9e57618faa4868f) Importer(815301076,1909f56bfc062723c751e8b465ee728b)
Start importing Packages/jp.hadashikick.vcontainer/Editor using Guid(08f5f24dc5b90493d9e57618faa4868f) Importer(815301076,1909f56bfc062723c751e8b465ee728b)  -> (artifact id: '0b529873b9d144e2334e19189ade858f') in 0.000689 seconds
Number of updated asset objects reloaded before import = 0
Number of asset objects unloaded after import = 0
========================================================================
Received Import Request.
  Time since last request: 0.110623 seconds.
  path: Packages/jp.hadashikick.vcontainer/Editor/VContainer.Editor.asmdef
  artifactKey: Guid(7bce08a00b4d54cd694096abadbb897e) Importer(815301076,1909f56bfc062723c751e8b465ee728b)
Start importing Packages/jp.hadashikick.vcontainer/Editor/VContainer.Editor.asmdef using Guid(7bce08a00b4d54cd694096abadbb897e) Importer(815301076,1909f56bfc062723c751e8b465ee728b)  -> (artifact id: 'e9d6d7c6771bd9527c857b0922051dd8') in 0.002797 seconds
Number of updated asset objects reloaded before import = 0
Number of asset objects unloaded after import = 0
========================================================================
Received Import Request.
  Time since last request: 2.058373 seconds.
  path: Packages/jp.hadashikick.vcontainer/Editor/Diagnostics
  artifactKey: Guid(c9d3500c8eb84e07acfb1cb574d9f9e2) Importer(815301076,1909f56bfc062723c751e8b465ee728b)
Start importing Packages/jp.hadashikick.vcontainer/Editor/Diagnostics using Guid(c9d3500c8eb84e07acfb1cb574d9f9e2) Importer(815301076,1909f56bfc062723c751e8b465ee728b)  -> (artifact id: '242a1f4d965915f81343e4ccc2032b45') in 0.000553 seconds
Number of updated asset objects reloaded before import = 0
Number of asset objects unloaded after import = 0
========================================================================
Received Import Request.
  Time since last request: 5.151042 seconds.
  path: Packages/jp.hadashikick.vcontainer/Runtime/Internal
  artifactKey: Guid(853495921eac94a55bba66a67ce6feb7) Importer(815301076,1909f56bfc062723c751e8b465ee728b)
Start importing Packages/jp.hadashikick.vcontainer/Runtime/Internal using Guid(853495921eac94a55bba66a67ce6feb7) Importer(815301076,1909f56bfc062723c751e8b465ee728b)  -> (artifact id: '24dc8ead830a4ef0c0b5b42b41333c39') in 0.000591 seconds
Number of updated asset objects reloaded before import = 0
Number of asset objects unloaded after import = 0
========================================================================
Received Import Request.
  Time since last request: 3.016053 seconds.
  path: Packages/jp.hadashikick.vcontainer/Runtime/Internal/InstanceProviders
  artifactKey: Guid(975a095af910460bb016e0cc5cf9eb07) Importer(815301076,1909f56bfc062723c751e8b465ee728b)
Start importing Packages/jp.hadashikick.vcontainer/Runtime/Internal/InstanceProviders using Guid(975a095af910460bb016e0cc5cf9eb07) Importer(815301076,1909f56bfc062723c751e8b465ee728b)  -> (artifact id: 'ee77262df3fa0b3b5f9468a4970af039') in 0.000633 seconds
Number of updated asset objects reloaded before import = 0
Number of asset objects unloaded after import = 0
========================================================================
Received Import Request.
  Time since last request: 52.466414 seconds.
  path: Packages/jp.hadashikick.vcontainer/Runtime/Annotations
  artifactKey: Guid(1eb05967f0cc40c59ebf679dcc359905) Importer(815301076,1909f56bfc062723c751e8b465ee728b)
Start importing Packages/jp.hadashikick.vcontainer/Runtime/Annotations using Guid(1eb05967f0cc40c59ebf679dcc359905) Importer(815301076,1909f56bfc062723c751e8b465ee728b)  -> (artifact id: '5ec80e9f3d973d430653c84d74f75294') in 0.000697 seconds
Number of updated asset objects reloaded before import = 0
Number of asset objects unloaded after import = 0
========================================================================
Received Import Request.
  Time since last request: 0.939804 seconds.
  path: Packages/jp.hadashikick.vcontainer/Runtime/Annotations/IAsyncStartable.cs
  artifactKey: Guid(cf8c4b2a3efd465ba893956bd3e16207) Importer(815301076,1909f56bfc062723c751e8b465ee728b)
Start importing Packages/jp.hadashikick.vcontainer/Runtime/Annotations/IAsyncStartable.cs using Guid(cf8c4b2a3efd465ba893956bd3e16207) Importer(815301076,1909f56bfc062723c751e8b465ee728b)  -> (artifact id: 'eae48ff36a5e9a20d6b31b6e9103b9ee') in 0.001491 seconds
Number of updated asset objects reloaded before import = 0
Number of asset objects unloaded after import = 0
